Determining if the pthread_create exist failed with the following output:
Change Dir: /home/lsy/catkin_ws/build/ros_tutorials_topic/CMakeFiles/CMakeTmp

Run Build Command:"/usr/bin/make" "cmTC_12a4f/fast"
/usr/bin/make -f CMakeFiles/cmTC_12a4f.dir/build.make CMakeFiles/cmTC_12a4f.dir/build
make[1]: Entering directory '/home/lsy/catkin_ws/build/ros_tutorials_topic/CMakeFiles/CMakeTmp'
Building C object CMakeFiles/cmTC_12a4f.dir/CheckSymbolExists.c.o
/usr/bin/cc    -o CMakeFiles/cmTC_12a4f.dir/CheckSymbolExists.c.o   -c /home/lsy/catkin_ws/build/ros_tutorials_topic/CMakeFiles/CMakeTmp/CheckSymbolExists.c
Linking C executable cmTC_12a4f
/usr/bin/cmake -E cmake_link_script CMakeFiles/cmTC_12a4f.dir/link.txt --verbose=1
/usr/bin/cc      -rdynamic CMakeFiles/cmTC_12a4f.dir/CheckSymbolExists.c.o  -o cmTC_12a4f 
CMakeFiles/cmTC_12a4f.dir/CheckSymbolExists.c.o: In function `main':
CheckSymbolExists.c:(.text+0x1b): undefined reference to `pthread_create'
collect2: error: ld returned 1 exit status
CMakeFiles/cmTC_12a4f.dir/build.make:97: recipe for target 'cmTC_12a4f' failed
make[1]: *** [cmTC_12a4f] Error 1
make[1]: Leaving directory '/home/lsy/catkin_ws/build/ros_tutorials_topic/CMakeFiles/CMakeTmp'
Makefile:126: recipe for target 'cmTC_12a4f/fast' failed
make: *** [cmTC_12a4f/fast] Error 2

File /home/lsy/catkin_ws/build/ros_tutorials_topic/CMakeFiles/CMakeTmp/CheckSymbolExists.c:
/* */
#include <pthread.h>

int main(int argc, char** argv)
{
  (void)argv;
#ifndef pthread_create
  return ((int*)(&pthread_create))[argc];
#else
  (void)argc;
  return 0;
#endif
}

Determining if the function pthread_create exists in the pthreads failed with the following output:
Change Dir: /home/lsy/catkin_ws/build/ros_tutorials_topic/CMakeFiles/CMakeTmp

Run Build Command:"/usr/bin/make" "cmTC_1ddcd/fast"
/usr/bin/make -f CMakeFiles/cmTC_1ddcd.dir/build.make CMakeFiles/cmTC_1ddcd.dir/build
make[1]: Entering directory '/home/lsy/catkin_ws/build/ros_tutorials_topic/CMakeFiles/CMakeTmp'
Building C object CMakeFiles/cmTC_1ddcd.dir/CheckFunctionExists.c.o
/usr/bin/cc   -DCHECK_FUNCTION_EXISTS=pthread_create   -o CMakeFiles/cmTC_1ddcd.dir/CheckFunctionExists.c.o   -c /usr/share/cmake-3.10/Modules/CheckFunctionExists.c
Linking C executable cmTC_1ddcd
/usr/bin/cmake -E cmake_link_script CMakeFiles/cmTC_1ddcd.dir/link.txt --verbose=1
/usr/bin/cc  -DCHECK_FUNCTION_EXISTS=pthread_create    -rdynamic CMakeFiles/cmTC_1ddcd.dir/CheckFunctionExists.c.o  -o cmTC_1ddcd -lpthreads 
/usr/bin/ld: cannot find -lpthreads
collect2: error: ld returned 1 exit status
CMakeFiles/cmTC_1ddcd.dir/build.make:97: recipe for target 'cmTC_1ddcd' failed
make[1]: *** [cmTC_1ddcd] Error 1
make[1]: Leaving directory '/home/lsy/catkin_ws/build/ros_tutorials_topic/CMakeFiles/CMakeTmp'
Makefile:126: recipe for target 'cmTC_1ddcd/fast' failed
make: *** [cmTC_1ddcd/fast] Error 2


