/usr/bin/cmake -H/home/lsy/catkin_ws/src/4wd_wheeltec/src/xf_mic_asr_offline -B/home/lsy/catkin_ws/build/xf_mic_asr_offline --check-build-system CMakeFiles/Makefile.cmake 0
/usr/bin/cmake -E cmake_progress_start /home/lsy/catkin_ws/build/xf_mic_asr_offline/CMakeFiles /home/lsy/catkin_ws/build/xf_mic_asr_offline/CMakeFiles/progress.marks
/usr/bin/make -f CMakeFiles/Makefile2 all
make[1]: Entering directory '/home/lsy/catkin_ws/build/xf_mic_asr_offline'
/usr/bin/make -f CMakeFiles/_xf_mic_asr_offline_generate_messages_check_deps_Set_Led_On_srv.dir/build.make CMakeFiles/_xf_mic_asr_offline_generate_messages_check_deps_Set_Led_On_srv.dir/depend
/usr/bin/make -f CMakeFiles/_xf_mic_asr_offline_generate_messages_check_deps_Get_Awake_Angle_srv.dir/build.make CMakeFiles/_xf_mic_asr_offline_generate_messages_check_deps_Get_Awake_Angle_srv.dir/depend
/usr/bin/make -f CMakeFiles/_xf_mic_asr_offline_generate_messages_check_deps_Set_Major_Mic_srv.dir/build.make CMakeFiles/_xf_mic_asr_offline_generate_messages_check_deps_Set_Major_Mic_srv.dir/depend
/usr/bin/make -f CMakeFiles/std_msgs_generate_messages_lisp.dir/build.make CMakeFiles/std_msgs_generate_messages_lisp.dir/depend
/usr/bin/make -f CMakeFiles/_xf_mic_asr_offline_generate_messages_check_deps_Start_Record_srv.dir/build.make CMakeFiles/_xf_mic_asr_offline_generate_messages_check_deps_Start_Record_srv.dir/depend
/usr/bin/make -f CMakeFiles/_xf_mic_asr_offline_generate_messages_check_deps_position.dir/build.make CMakeFiles/_xf_mic_asr_offline_generate_messages_check_deps_position.dir/depend
make[2]: Entering directory '/home/lsy/catkin_ws/build/xf_mic_asr_offline'
cd /home/lsy/catkin_ws/build/xf_mic_asr_offline && /usr/bin/cmake -E cmake_depends "Unix Makefiles" /home/lsy/catkin_ws/src/4wd_wheeltec/src/xf_mic_asr_offline /home/lsy/catkin_ws/src/4wd_wheeltec/src/xf_mic_asr_offline /home/lsy/catkin_ws/build/xf_mic_asr_offline /home/lsy/catkin_ws/build/xf_mic_asr_offline /home/lsy/catkin_ws/build/xf_mic_asr_offline/CMakeFiles/_xf_mic_asr_offline_generate_messages_check_deps_Set_Led_On_srv.dir/DependInfo.cmake --color=
make[2]: Entering directory '/home/lsy/catkin_ws/build/xf_mic_asr_offline'
cd /home/lsy/catkin_ws/build/xf_mic_asr_offline && /usr/bin/cmake -E cmake_depends "Unix Makefiles" /home/lsy/catkin_ws/src/4wd_wheeltec/src/xf_mic_asr_offline /home/lsy/catkin_ws/src/4wd_wheeltec/src/xf_mic_asr_offline /home/lsy/catkin_ws/build/xf_mic_asr_offline /home/lsy/catkin_ws/build/xf_mic_asr_offline /home/lsy/catkin_ws/build/xf_mic_asr_offline/CMakeFiles/_xf_mic_asr_offline_generate_messages_check_deps_Start_Record_srv.dir/DependInfo.cmake --color=
make[2]: Entering directory '/home/lsy/catkin_ws/build/xf_mic_asr_offline'
cd /home/lsy/catkin_ws/build/xf_mic_asr_offline && /usr/bin/cmake -E cmake_depends "Unix Makefiles" /home/lsy/catkin_ws/src/4wd_wheeltec/src/xf_mic_asr_offline /home/lsy/catkin_ws/src/4wd_wheeltec/src/xf_mic_asr_offline /home/lsy/catkin_ws/build/xf_mic_asr_offline /home/lsy/catkin_ws/build/xf_mic_asr_offline /home/lsy/catkin_ws/build/xf_mic_asr_offline/CMakeFiles/_xf_mic_asr_offline_generate_messages_check_deps_Get_Awake_Angle_srv.dir/DependInfo.cmake --color=
make[2]: Entering directory '/home/lsy/catkin_ws/build/xf_mic_asr_offline'
cd /home/lsy/catkin_ws/build/xf_mic_asr_offline && /usr/bin/cmake -E cmake_depends "Unix Makefiles" /home/lsy/catkin_ws/src/4wd_wheeltec/src/xf_mic_asr_offline /home/lsy/catkin_ws/src/4wd_wheeltec/src/xf_mic_asr_offline /home/lsy/catkin_ws/build/xf_mic_asr_offline /home/lsy/catkin_ws/build/xf_mic_asr_offline /home/lsy/catkin_ws/build/xf_mic_asr_offline/CMakeFiles/std_msgs_generate_messages_lisp.dir/DependInfo.cmake --color=
make[2]: Entering directory '/home/lsy/catkin_ws/build/xf_mic_asr_offline'
cd /home/lsy/catkin_ws/build/xf_mic_asr_offline && /usr/bin/cmake -E cmake_depends "Unix Makefiles" /home/lsy/catkin_ws/src/4wd_wheeltec/src/xf_mic_asr_offline /home/lsy/catkin_ws/src/4wd_wheeltec/src/xf_mic_asr_offline /home/lsy/catkin_ws/build/xf_mic_asr_offline /home/lsy/catkin_ws/build/xf_mic_asr_offline /home/lsy/catkin_ws/build/xf_mic_asr_offline/CMakeFiles/_xf_mic_asr_offline_generate_messages_check_deps_Set_Major_Mic_srv.dir/DependInfo.cmake --color=
make[2]: Entering directory '/home/lsy/catkin_ws/build/xf_mic_asr_offline'
cd /home/lsy/catkin_ws/build/xf_mic_asr_offline && /usr/bin/cmake -E cmake_depends "Unix Makefiles" /home/lsy/catkin_ws/src/4wd_wheeltec/src/xf_mic_asr_offline /home/lsy/catkin_ws/src/4wd_wheeltec/src/xf_mic_asr_offline /home/lsy/catkin_ws/build/xf_mic_asr_offline /home/lsy/catkin_ws/build/xf_mic_asr_offline /home/lsy/catkin_ws/build/xf_mic_asr_offline/CMakeFiles/_xf_mic_asr_offline_generate_messages_check_deps_position.dir/DependInfo.cmake --color=
[35m[1mScanning dependencies of target std_msgs_generate_messages_lisp[0m
make[2]: Leaving directory '/home/lsy/catkin_ws/build/xf_mic_asr_offline'
/usr/bin/make -f CMakeFiles/std_msgs_generate_messages_lisp.dir/build.make CMakeFiles/std_msgs_generate_messages_lisp.dir/build
make[2]: Entering directory '/home/lsy/catkin_ws/build/xf_mic_asr_offline'
make[2]: Nothing to be done for 'CMakeFiles/std_msgs_generate_messages_lisp.dir/build'.
make[2]: Leaving directory '/home/lsy/catkin_ws/build/xf_mic_asr_offline'
[35m[1mScanning dependencies of target _xf_mic_asr_offline_generate_messages_check_deps_Set_Major_Mic_srv[0m
make[2]: Leaving directory '/home/lsy/catkin_ws/build/xf_mic_asr_offline'
/usr/bin/make -f CMakeFiles/_xf_mic_asr_offline_generate_messages_check_deps_Set_Major_Mic_srv.dir/build.make CMakeFiles/_xf_mic_asr_offline_generate_messages_check_deps_Set_Major_Mic_srv.dir/build
make[2]: Entering directory '/home/lsy/catkin_ws/build/xf_mic_asr_offline'
catkin_generated/env_cached.sh /usr/bin/python2 /opt/ros/melodic/share/genmsg/cmake/../../../lib/genmsg/genmsg_check_deps.py xf_mic_asr_offline /home/lsy/catkin_ws/src/4wd_wheeltec/src/xf_mic_asr_offline/srv/Set_Major_Mic_srv.srv 
[35m[1mScanning dependencies of target _xf_mic_asr_offline_generate_messages_check_deps_Get_Awake_Angle_srv[0m
make[2]: Leaving directory '/home/lsy/catkin_ws/build/xf_mic_asr_offline'
/usr/bin/make -f CMakeFiles/_xf_mic_asr_offline_generate_messages_check_deps_Get_Awake_Angle_srv.dir/build.make CMakeFiles/_xf_mic_asr_offline_generate_messages_check_deps_Get_Awake_Angle_srv.dir/build
make[2]: Entering directory '/home/lsy/catkin_ws/build/xf_mic_asr_offline'
catkin_generated/env_cached.sh /usr/bin/python2 /opt/ros/melodic/share/genmsg/cmake/../../../lib/genmsg/genmsg_check_deps.py xf_mic_asr_offline /home/lsy/catkin_ws/src/4wd_wheeltec/src/xf_mic_asr_offline/srv/Get_Awake_Angle_srv.srv 
[35m[1mScanning dependencies of target _xf_mic_asr_offline_generate_messages_check_deps_Set_Led_On_srv[0m
[35m[1mScanning dependencies of target _xf_mic_asr_offline_generate_messages_check_deps_Start_Record_srv[0m
[35m[1mScanning dependencies of target _xf_mic_asr_offline_generate_messages_check_deps_position[0m
make[2]: Leaving directory '/home/lsy/catkin_ws/build/xf_mic_asr_offline'
make[2]: Leaving directory '/home/lsy/catkin_ws/build/xf_mic_asr_offline'
/usr/bin/make -f CMakeFiles/_xf_mic_asr_offline_generate_messages_check_deps_Start_Record_srv.dir/build.make CMakeFiles/_xf_mic_asr_offline_generate_messages_check_deps_Start_Record_srv.dir/build
/usr/bin/make -f CMakeFiles/_xf_mic_asr_offline_generate_messages_check_deps_position.dir/build.make CMakeFiles/_xf_mic_asr_offline_generate_messages_check_deps_position.dir/build
make[2]: Entering directory '/home/lsy/catkin_ws/build/xf_mic_asr_offline'
catkin_generated/env_cached.sh /usr/bin/python2 /opt/ros/melodic/share/genmsg/cmake/../../../lib/genmsg/genmsg_check_deps.py xf_mic_asr_offline /home/lsy/catkin_ws/src/4wd_wheeltec/src/xf_mic_asr_offline/srv/Start_Record_srv.srv 
make[2]: Entering directory '/home/lsy/catkin_ws/build/xf_mic_asr_offline'
catkin_generated/env_cached.sh /usr/bin/python2 /opt/ros/melodic/share/genmsg/cmake/../../../lib/genmsg/genmsg_check_deps.py xf_mic_asr_offline /home/lsy/catkin_ws/src/4wd_wheeltec/src/xf_mic_asr_offline/msg/position.msg 
make[2]: Leaving directory '/home/lsy/catkin_ws/build/xf_mic_asr_offline'
/usr/bin/make -f CMakeFiles/_xf_mic_asr_offline_generate_messages_check_deps_Set_Led_On_srv.dir/build.make CMakeFiles/_xf_mic_asr_offline_generate_messages_check_deps_Set_Led_On_srv.dir/build
make[2]: Entering directory '/home/lsy/catkin_ws/build/xf_mic_asr_offline'
catkin_generated/env_cached.sh /usr/bin/python2 /opt/ros/melodic/share/genmsg/cmake/../../../lib/genmsg/genmsg_check_deps.py xf_mic_asr_offline /home/lsy/catkin_ws/src/4wd_wheeltec/src/xf_mic_asr_offline/srv/Set_Led_On_srv.srv 
make[2]: Leaving directory '/home/lsy/catkin_ws/build/xf_mic_asr_offline'
[  0%] Built target _xf_mic_asr_offline_generate_messages_check_deps_Get_Awake_Angle_srv
make[2]: Leaving directory '/home/lsy/catkin_ws/build/xf_mic_asr_offline'
/usr/bin/make -f CMakeFiles/_xf_mic_asr_offline_generate_messages_check_deps_Get_Major_Mic_srv.dir/build.make CMakeFiles/_xf_mic_asr_offline_generate_messages_check_deps_Get_Major_Mic_srv.dir/depend
make[2]: Entering directory '/home/lsy/catkin_ws/build/xf_mic_asr_offline'
cd /home/lsy/catkin_ws/build/xf_mic_asr_offline && /usr/bin/cmake -E cmake_depends "Unix Makefiles" /home/lsy/catkin_ws/src/4wd_wheeltec/src/xf_mic_asr_offline /home/lsy/catkin_ws/src/4wd_wheeltec/src/xf_mic_asr_offline /home/lsy/catkin_ws/build/xf_mic_asr_offline /home/lsy/catkin_ws/build/xf_mic_asr_offline /home/lsy/catkin_ws/build/xf_mic_asr_offline/CMakeFiles/_xf_mic_asr_offline_generate_messages_check_deps_Get_Major_Mic_srv.dir/DependInfo.cmake --color=
make[2]: Leaving directory '/home/lsy/catkin_ws/build/xf_mic_asr_offline'
[  0%] Built target std_msgs_generate_messages_lisp
[  0%] Built target _xf_mic_asr_offline_generate_messages_check_deps_Start_Record_srv
make[2]: Leaving directory '/home/lsy/catkin_ws/build/xf_mic_asr_offline'
[  0%] Built target _xf_mic_asr_offline_generate_messages_check_deps_position
/usr/bin/make -f CMakeFiles/_xf_mic_asr_offline_generate_messages_check_deps_Get_Offline_Result_srv.dir/build.make CMakeFiles/_xf_mic_asr_offline_generate_messages_check_deps_Get_Offline_Result_srv.dir/depend
/usr/bin/make -f CMakeFiles/_xf_mic_asr_offline_generate_messages_check_deps_Set_Awake_Word_srv.dir/build.make CMakeFiles/_xf_mic_asr_offline_generate_messages_check_deps_Set_Awake_Word_srv.dir/depend
/usr/bin/make -f CMakeFiles/_xf_mic_asr_offline_generate_messages_check_deps_Pcm_Msg.dir/build.make CMakeFiles/_xf_mic_asr_offline_generate_messages_check_deps_Pcm_Msg.dir/depend
[  0%] Built target _xf_mic_asr_offline_generate_messages_check_deps_Set_Major_Mic_srv
/usr/bin/make -f CMakeFiles/std_msgs_generate_messages_nodejs.dir/build.make CMakeFiles/std_msgs_generate_messages_nodejs.dir/depend
make[2]: Entering directory '/home/lsy/catkin_ws/build/xf_mic_asr_offline'
cd /home/lsy/catkin_ws/build/xf_mic_asr_offline && /usr/bin/cmake -E cmake_depends "Unix Makefiles" /home/lsy/catkin_ws/src/4wd_wheeltec/src/xf_mic_asr_offline /home/lsy/catkin_ws/src/4wd_wheeltec/src/xf_mic_asr_offline /home/lsy/catkin_ws/build/xf_mic_asr_offline /home/lsy/catkin_ws/build/xf_mic_asr_offline /home/lsy/catkin_ws/build/xf_mic_asr_offline/CMakeFiles/_xf_mic_asr_offline_generate_messages_check_deps_Pcm_Msg.dir/DependInfo.cmake --color=
make[2]: Entering directory '/home/lsy/catkin_ws/build/xf_mic_asr_offline'
cd /home/lsy/catkin_ws/build/xf_mic_asr_offline && /usr/bin/cmake -E cmake_depends "Unix Makefiles" /home/lsy/catkin_ws/src/4wd_wheeltec/src/xf_mic_asr_offline /home/lsy/catkin_ws/src/4wd_wheeltec/src/xf_mic_asr_offline /home/lsy/catkin_ws/build/xf_mic_asr_offline /home/lsy/catkin_ws/build/xf_mic_asr_offline /home/lsy/catkin_ws/build/xf_mic_asr_offline/CMakeFiles/_xf_mic_asr_offline_generate_messages_check_deps_Set_Awake_Word_srv.dir/DependInfo.cmake --color=
[35m[1mScanning dependencies of target _xf_mic_asr_offline_generate_messages_check_deps_Get_Major_Mic_srv[0m
make[2]: Entering directory '/home/lsy/catkin_ws/build/xf_mic_asr_offline'
cd /home/lsy/catkin_ws/build/xf_mic_asr_offline && /usr/bin/cmake -E cmake_depends "Unix Makefiles" /home/lsy/catkin_ws/src/4wd_wheeltec/src/xf_mic_asr_offline /home/lsy/catkin_ws/src/4wd_wheeltec/src/xf_mic_asr_offline /home/lsy/catkin_ws/build/xf_mic_asr_offline /home/lsy/catkin_ws/build/xf_mic_asr_offline /home/lsy/catkin_ws/build/xf_mic_asr_offline/CMakeFiles/std_msgs_generate_messages_nodejs.dir/DependInfo.cmake --color=
make[2]: Leaving directory '/home/lsy/catkin_ws/build/xf_mic_asr_offline'
/usr/bin/make -f CMakeFiles/_xf_mic_asr_offline_generate_messages_check_deps_Get_Major_Mic_srv.dir/build.make CMakeFiles/_xf_mic_asr_offline_generate_messages_check_deps_Get_Major_Mic_srv.dir/build
make[2]: Entering directory '/home/lsy/catkin_ws/build/xf_mic_asr_offline'
catkin_generated/env_cached.sh /usr/bin/python2 /opt/ros/melodic/share/genmsg/cmake/../../../lib/genmsg/genmsg_check_deps.py xf_mic_asr_offline /home/lsy/catkin_ws/src/4wd_wheeltec/src/xf_mic_asr_offline/srv/Get_Major_Mic_srv.srv 
make[2]: Entering directory '/home/lsy/catkin_ws/build/xf_mic_asr_offline'
cd /home/lsy/catkin_ws/build/xf_mic_asr_offline && /usr/bin/cmake -E cmake_depends "Unix Makefiles" /home/lsy/catkin_ws/src/4wd_wheeltec/src/xf_mic_asr_offline /home/lsy/catkin_ws/src/4wd_wheeltec/src/xf_mic_asr_offline /home/lsy/catkin_ws/build/xf_mic_asr_offline /home/lsy/catkin_ws/build/xf_mic_asr_offline /home/lsy/catkin_ws/build/xf_mic_asr_offline/CMakeFiles/_xf_mic_asr_offline_generate_messages_check_deps_Get_Offline_Result_srv.dir/DependInfo.cmake --color=
make[2]: Leaving directory '/home/lsy/catkin_ws/build/xf_mic_asr_offline'
[35m[1mScanning dependencies of target std_msgs_generate_messages_nodejs[0m
make[2]: Leaving directory '/home/lsy/catkin_ws/build/xf_mic_asr_offline'
/usr/bin/make -f CMakeFiles/std_msgs_generate_messages_nodejs.dir/build.make CMakeFiles/std_msgs_generate_messages_nodejs.dir/build
[35m[1mScanning dependencies of target _xf_mic_asr_offline_generate_messages_check_deps_Pcm_Msg[0m
make[2]: Leaving directory '/home/lsy/catkin_ws/build/xf_mic_asr_offline'
[  0%] Built target _xf_mic_asr_offline_generate_messages_check_deps_Set_Led_On_srv
/usr/bin/make -f CMakeFiles/_xf_mic_asr_offline_generate_messages_check_deps_Pcm_Msg.dir/build.make CMakeFiles/_xf_mic_asr_offline_generate_messages_check_deps_Pcm_Msg.dir/build
/usr/bin/make -f CMakeFiles/std_msgs_generate_messages_py.dir/build.make CMakeFiles/std_msgs_generate_messages_py.dir/depend
[35m[1mScanning dependencies of target _xf_mic_asr_offline_generate_messages_check_deps_Set_Awake_Word_srv[0m
make[2]: Entering directory '/home/lsy/catkin_ws/build/xf_mic_asr_offline'
make[2]: Nothing to be done for 'CMakeFiles/std_msgs_generate_messages_nodejs.dir/build'.
make[2]: Leaving directory '/home/lsy/catkin_ws/build/xf_mic_asr_offline'
make[2]: Entering directory '/home/lsy/catkin_ws/build/xf_mic_asr_offline'
cd /home/lsy/catkin_ws/build/xf_mic_asr_offline && /usr/bin/cmake -E cmake_depends "Unix Makefiles" /home/lsy/catkin_ws/src/4wd_wheeltec/src/xf_mic_asr_offline /home/lsy/catkin_ws/src/4wd_wheeltec/src/xf_mic_asr_offline /home/lsy/catkin_ws/build/xf_mic_asr_offline /home/lsy/catkin_ws/build/xf_mic_asr_offline /home/lsy/catkin_ws/build/xf_mic_asr_offline/CMakeFiles/std_msgs_generate_messages_py.dir/DependInfo.cmake --color=
make[2]: Leaving directory '/home/lsy/catkin_ws/build/xf_mic_asr_offline'
/usr/bin/make -f CMakeFiles/_xf_mic_asr_offline_generate_messages_check_deps_Set_Awake_Word_srv.dir/build.make CMakeFiles/_xf_mic_asr_offline_generate_messages_check_deps_Set_Awake_Word_srv.dir/build
make[2]: Entering directory '/home/lsy/catkin_ws/build/xf_mic_asr_offline'
catkin_generated/env_cached.sh /usr/bin/python2 /opt/ros/melodic/share/genmsg/cmake/../../../lib/genmsg/genmsg_check_deps.py xf_mic_asr_offline /home/lsy/catkin_ws/src/4wd_wheeltec/src/xf_mic_asr_offline/msg/Pcm_Msg.msg 
make[2]: Entering directory '/home/lsy/catkin_ws/build/xf_mic_asr_offline'
catkin_generated/env_cached.sh /usr/bin/python2 /opt/ros/melodic/share/genmsg/cmake/../../../lib/genmsg/genmsg_check_deps.py xf_mic_asr_offline /home/lsy/catkin_ws/src/4wd_wheeltec/src/xf_mic_asr_offline/srv/Set_Awake_Word_srv.srv 
make[2]: Leaving directory '/home/lsy/catkin_ws/build/xf_mic_asr_offline'
[  0%] Built target std_msgs_generate_messages_nodejs
/usr/bin/make -f CMakeFiles/std_msgs_generate_messages_cpp.dir/build.make CMakeFiles/std_msgs_generate_messages_cpp.dir/depend
[35m[1mScanning dependencies of target _xf_mic_asr_offline_generate_messages_check_deps_Get_Offline_Result_srv[0m
[35m[1mScanning dependencies of target std_msgs_generate_messages_py[0m
make[2]: Leaving directory '/home/lsy/catkin_ws/build/xf_mic_asr_offline'
/usr/bin/make -f CMakeFiles/_xf_mic_asr_offline_generate_messages_check_deps_Get_Offline_Result_srv.dir/build.make CMakeFiles/_xf_mic_asr_offline_generate_messages_check_deps_Get_Offline_Result_srv.dir/build
make[2]: Entering directory '/home/lsy/catkin_ws/build/xf_mic_asr_offline'
catkin_generated/env_cached.sh /usr/bin/python2 /opt/ros/melodic/share/genmsg/cmake/../../../lib/genmsg/genmsg_check_deps.py xf_mic_asr_offline /home/lsy/catkin_ws/src/4wd_wheeltec/src/xf_mic_asr_offline/srv/Get_Offline_Result_srv.srv 
make[2]: Leaving directory '/home/lsy/catkin_ws/build/xf_mic_asr_offline'
/usr/bin/make -f CMakeFiles/std_msgs_generate_messages_py.dir/build.make CMakeFiles/std_msgs_generate_messages_py.dir/build
make[2]: Entering directory '/home/lsy/catkin_ws/build/xf_mic_asr_offline'
make[2]: Nothing to be done for 'CMakeFiles/std_msgs_generate_messages_py.dir/build'.
make[2]: Leaving directory '/home/lsy/catkin_ws/build/xf_mic_asr_offline'
make[2]: Entering directory '/home/lsy/catkin_ws/build/xf_mic_asr_offline'
cd /home/lsy/catkin_ws/build/xf_mic_asr_offline && /usr/bin/cmake -E cmake_depends "Unix Makefiles" /home/lsy/catkin_ws/src/4wd_wheeltec/src/xf_mic_asr_offline /home/lsy/catkin_ws/src/4wd_wheeltec/src/xf_mic_asr_offline /home/lsy/catkin_ws/build/xf_mic_asr_offline /home/lsy/catkin_ws/build/xf_mic_asr_offline /home/lsy/catkin_ws/build/xf_mic_asr_offline/CMakeFiles/std_msgs_generate_messages_cpp.dir/DependInfo.cmake --color=
make[2]: Leaving directory '/home/lsy/catkin_ws/build/xf_mic_asr_offline'
make[2]: Leaving directory '/home/lsy/catkin_ws/build/xf_mic_asr_offline'
[  0%] Built target _xf_mic_asr_offline_generate_messages_check_deps_Get_Major_Mic_srv
/usr/bin/make -f CMakeFiles/std_msgs_generate_messages_eus.dir/build.make CMakeFiles/std_msgs_generate_messages_eus.dir/depend
make[2]: Entering directory '/home/lsy/catkin_ws/build/xf_mic_asr_offline'
cd /home/lsy/catkin_ws/build/xf_mic_asr_offline && /usr/bin/cmake -E cmake_depends "Unix Makefiles" /home/lsy/catkin_ws/src/4wd_wheeltec/src/xf_mic_asr_offline /home/lsy/catkin_ws/src/4wd_wheeltec/src/xf_mic_asr_offline /home/lsy/catkin_ws/build/xf_mic_asr_offline /home/lsy/catkin_ws/build/xf_mic_asr_offline /home/lsy/catkin_ws/build/xf_mic_asr_offline/CMakeFiles/std_msgs_generate_messages_eus.dir/DependInfo.cmake --color=
[35m[1mScanning dependencies of target std_msgs_generate_messages_eus[0m
make[2]: Leaving directory '/home/lsy/catkin_ws/build/xf_mic_asr_offline'
/usr/bin/make -f CMakeFiles/std_msgs_generate_messages_eus.dir/build.make CMakeFiles/std_msgs_generate_messages_eus.dir/build
[  0%] Built target std_msgs_generate_messages_py
[  0%] Built target _xf_mic_asr_offline_generate_messages_check_deps_Pcm_Msg
make[2]: Entering directory '/home/lsy/catkin_ws/build/xf_mic_asr_offline'
make[2]: Nothing to be done for 'CMakeFiles/std_msgs_generate_messages_eus.dir/build'.
make[2]: Leaving directory '/home/lsy/catkin_ws/build/xf_mic_asr_offline'
make[2]: Leaving directory '/home/lsy/catkin_ws/build/xf_mic_asr_offline'
[35m[1mScanning dependencies of target std_msgs_generate_messages_cpp[0m
make[2]: Leaving directory '/home/lsy/catkin_ws/build/xf_mic_asr_offline'
[  0%] Built target std_msgs_generate_messages_eus
/usr/bin/make -f CMakeFiles/std_msgs_generate_messages_cpp.dir/build.make CMakeFiles/std_msgs_generate_messages_cpp.dir/build
make[2]: Entering directory '/home/lsy/catkin_ws/build/xf_mic_asr_offline'
make[2]: Nothing to be done for 'CMakeFiles/std_msgs_generate_messages_cpp.dir/build'.
make[2]: Leaving directory '/home/lsy/catkin_ws/build/xf_mic_asr_offline'
[  0%] Built target _xf_mic_asr_offline_generate_messages_check_deps_Set_Awake_Word_srv
[  0%] Built target _xf_mic_asr_offline_generate_messages_check_deps_Get_Offline_Result_srv
[  0%] Built target std_msgs_generate_messages_cpp
/usr/bin/make -f CMakeFiles/xf_mic_asr_offline_generate_messages_lisp.dir/build.make CMakeFiles/xf_mic_asr_offline_generate_messages_lisp.dir/depend
/usr/bin/make -f CMakeFiles/xf_mic_asr_offline_generate_messages_nodejs.dir/build.make CMakeFiles/xf_mic_asr_offline_generate_messages_nodejs.dir/depend
/usr/bin/make -f CMakeFiles/xf_mic_asr_offline_generate_messages_py.dir/build.make CMakeFiles/xf_mic_asr_offline_generate_messages_py.dir/depend
/usr/bin/make -f CMakeFiles/xf_mic_asr_offline_generate_messages_cpp.dir/build.make CMakeFiles/xf_mic_asr_offline_generate_messages_cpp.dir/depend
/usr/bin/make -f CMakeFiles/xf_mic_asr_offline_generate_messages_eus.dir/build.make CMakeFiles/xf_mic_asr_offline_generate_messages_eus.dir/depend
make[2]: Entering directory '/home/lsy/catkin_ws/build/xf_mic_asr_offline'
cd /home/lsy/catkin_ws/build/xf_mic_asr_offline && /usr/bin/cmake -E cmake_depends "Unix Makefiles" /home/lsy/catkin_ws/src/4wd_wheeltec/src/xf_mic_asr_offline /home/lsy/catkin_ws/src/4wd_wheeltec/src/xf_mic_asr_offline /home/lsy/catkin_ws/build/xf_mic_asr_offline /home/lsy/catkin_ws/build/xf_mic_asr_offline /home/lsy/catkin_ws/build/xf_mic_asr_offline/CMakeFiles/xf_mic_asr_offline_generate_messages_nodejs.dir/DependInfo.cmake --color=
make[2]: Entering directory '/home/lsy/catkin_ws/build/xf_mic_asr_offline'
cd /home/lsy/catkin_ws/build/xf_mic_asr_offline && /usr/bin/cmake -E cmake_depends "Unix Makefiles" /home/lsy/catkin_ws/src/4wd_wheeltec/src/xf_mic_asr_offline /home/lsy/catkin_ws/src/4wd_wheeltec/src/xf_mic_asr_offline /home/lsy/catkin_ws/build/xf_mic_asr_offline /home/lsy/catkin_ws/build/xf_mic_asr_offline /home/lsy/catkin_ws/build/xf_mic_asr_offline/CMakeFiles/xf_mic_asr_offline_generate_messages_py.dir/DependInfo.cmake --color=
make[2]: Entering directory '/home/lsy/catkin_ws/build/xf_mic_asr_offline'
cd /home/lsy/catkin_ws/build/xf_mic_asr_offline && /usr/bin/cmake -E cmake_depends "Unix Makefiles" /home/lsy/catkin_ws/src/4wd_wheeltec/src/xf_mic_asr_offline /home/lsy/catkin_ws/src/4wd_wheeltec/src/xf_mic_asr_offline /home/lsy/catkin_ws/build/xf_mic_asr_offline /home/lsy/catkin_ws/build/xf_mic_asr_offline /home/lsy/catkin_ws/build/xf_mic_asr_offline/CMakeFiles/xf_mic_asr_offline_generate_messages_cpp.dir/DependInfo.cmake --color=
make[2]: Entering directory '/home/lsy/catkin_ws/build/xf_mic_asr_offline'
cd /home/lsy/catkin_ws/build/xf_mic_asr_offline && /usr/bin/cmake -E cmake_depends "Unix Makefiles" /home/lsy/catkin_ws/src/4wd_wheeltec/src/xf_mic_asr_offline /home/lsy/catkin_ws/src/4wd_wheeltec/src/xf_mic_asr_offline /home/lsy/catkin_ws/build/xf_mic_asr_offline /home/lsy/catkin_ws/build/xf_mic_asr_offline /home/lsy/catkin_ws/build/xf_mic_asr_offline/CMakeFiles/xf_mic_asr_offline_generate_messages_eus.dir/DependInfo.cmake --color=
make[2]: Entering directory '/home/lsy/catkin_ws/build/xf_mic_asr_offline'
cd /home/lsy/catkin_ws/build/xf_mic_asr_offline && /usr/bin/cmake -E cmake_depends "Unix Makefiles" /home/lsy/catkin_ws/src/4wd_wheeltec/src/xf_mic_asr_offline /home/lsy/catkin_ws/src/4wd_wheeltec/src/xf_mic_asr_offline /home/lsy/catkin_ws/build/xf_mic_asr_offline /home/lsy/catkin_ws/build/xf_mic_asr_offline /home/lsy/catkin_ws/build/xf_mic_asr_offline/CMakeFiles/xf_mic_asr_offline_generate_messages_lisp.dir/DependInfo.cmake --color=
[35m[1mScanning dependencies of target xf_mic_asr_offline_generate_messages_cpp[0m
make[2]: Leaving directory '/home/lsy/catkin_ws/build/xf_mic_asr_offline'
/usr/bin/make -f CMakeFiles/xf_mic_asr_offline_generate_messages_cpp.dir/build.make CMakeFiles/xf_mic_asr_offline_generate_messages_cpp.dir/build
[35m[1mScanning dependencies of target xf_mic_asr_offline_generate_messages_eus[0m
[35m[1mScanning dependencies of target xf_mic_asr_offline_generate_messages_py[0m
make[2]: Leaving directory '/home/lsy/catkin_ws/build/xf_mic_asr_offline'
/usr/bin/make -f CMakeFiles/xf_mic_asr_offline_generate_messages_eus.dir/build.make CMakeFiles/xf_mic_asr_offline_generate_messages_eus.dir/build
[35m[1mScanning dependencies of target xf_mic_asr_offline_generate_messages_nodejs[0m
make[2]: Leaving directory '/home/lsy/catkin_ws/build/xf_mic_asr_offline'
make[2]: Entering directory '/home/lsy/catkin_ws/build/xf_mic_asr_offline'
/usr/bin/make -f CMakeFiles/xf_mic_asr_offline_generate_messages_nodejs.dir/build.make CMakeFiles/xf_mic_asr_offline_generate_messages_nodejs.dir/build
make[2]: Leaving directory '/home/lsy/catkin_ws/build/xf_mic_asr_offline'
/usr/bin/make -f CMakeFiles/xf_mic_asr_offline_generate_messages_py.dir/build.make CMakeFiles/xf_mic_asr_offline_generate_messages_py.dir/build
make[2]: Entering directory '/home/lsy/catkin_ws/build/xf_mic_asr_offline'
make[2]: Entering directory '/home/lsy/catkin_ws/build/xf_mic_asr_offline'
make[2]: Entering directory '/home/lsy/catkin_ws/build/xf_mic_asr_offline'
[35m[1mScanning dependencies of target xf_mic_asr_offline_generate_messages_lisp[0m
make[2]: Leaving directory '/home/lsy/catkin_ws/build/xf_mic_asr_offline'
/usr/bin/make -f CMakeFiles/xf_mic_asr_offline_generate_messages_lisp.dir/build.make CMakeFiles/xf_mic_asr_offline_generate_messages_lisp.dir/build
[  1%] [34m[1mGenerating C++ code from xf_mic_asr_offline/position.msg[0m
cd /home/lsy/catkin_ws/src/4wd_wheeltec/src/xf_mic_asr_offline && /home/lsy/catkin_ws/build/xf_mic_asr_offline/catkin_generated/env_cached.sh /usr/bin/python2 /opt/ros/melodic/share/gencpp/cmake/../../../lib/gencpp/gen_cpp.py /home/lsy/catkin_ws/src/4wd_wheeltec/src/xf_mic_asr_offline/msg/position.msg -Ixf_mic_asr_offline:/home/lsy/catkin_ws/src/4wd_wheeltec/src/xf_mic_asr_offline/msg -Istd_msgs:/opt/ros/melodic/share/std_msgs/cmake/../msg -p xf_mic_asr_offline -o /home/lsy/catkin_ws/devel/include/xf_mic_asr_offline -e /opt/ros/melodic/share/gencpp/cmake/..
[  3%] [34m[1mGenerating EusLisp code from xf_mic_asr_offline/position.msg[0m
catkin_generated/env_cached.sh /usr/bin/python2 /opt/ros/melodic/share/geneus/cmake/../../../lib/geneus/gen_eus.py /home/lsy/catkin_ws/src/4wd_wheeltec/src/xf_mic_asr_offline/msg/position.msg -Ixf_mic_asr_offline:/home/lsy/catkin_ws/src/4wd_wheeltec/src/xf_mic_asr_offline/msg -Istd_msgs:/opt/ros/melodic/share/std_msgs/cmake/../msg -p xf_mic_asr_offline -o /home/lsy/catkin_ws/devel/share/roseus/ros/xf_mic_asr_offline/msg
make[2]: Entering directory '/home/lsy/catkin_ws/build/xf_mic_asr_offline'
[  5%] [34m[1mGenerating Javascript code from xf_mic_asr_offline/position.msg[0m
catkin_generated/env_cached.sh /usr/bin/python2 /opt/ros/melodic/share/gennodejs/cmake/../../../lib/gennodejs/gen_nodejs.py /home/lsy/catkin_ws/src/4wd_wheeltec/src/xf_mic_asr_offline/msg/position.msg -Ixf_mic_asr_offline:/home/lsy/catkin_ws/src/4wd_wheeltec/src/xf_mic_asr_offline/msg -Istd_msgs:/opt/ros/melodic/share/std_msgs/cmake/../msg -p xf_mic_asr_offline -o /home/lsy/catkin_ws/devel/share/gennodejs/ros/xf_mic_asr_offline/msg
[  6%] [34m[1mGenerating C++ code from xf_mic_asr_offline/Pcm_Msg.msg[0m
cd /home/lsy/catkin_ws/src/4wd_wheeltec/src/xf_mic_asr_offline && /home/lsy/catkin_ws/build/xf_mic_asr_offline/catkin_generated/env_cached.sh /usr/bin/python2 /opt/ros/melodic/share/gencpp/cmake/../../../lib/gencpp/gen_cpp.py /home/lsy/catkin_ws/src/4wd_wheeltec/src/xf_mic_asr_offline/msg/Pcm_Msg.msg -Ixf_mic_asr_offline:/home/lsy/catkin_ws/src/4wd_wheeltec/src/xf_mic_asr_offline/msg -Istd_msgs:/opt/ros/melodic/share/std_msgs/cmake/../msg -p xf_mic_asr_offline -o /home/lsy/catkin_ws/devel/include/xf_mic_asr_offline -e /opt/ros/melodic/share/gencpp/cmake/..
[  8%] [34m[1mGenerating Lisp code from xf_mic_asr_offline/position.msg[0m
catkin_generated/env_cached.sh /usr/bin/python2 /opt/ros/melodic/share/genlisp/cmake/../../../lib/genlisp/gen_lisp.py /home/lsy/catkin_ws/src/4wd_wheeltec/src/xf_mic_asr_offline/msg/position.msg -Ixf_mic_asr_offline:/home/lsy/catkin_ws/src/4wd_wheeltec/src/xf_mic_asr_offline/msg -Istd_msgs:/opt/ros/melodic/share/std_msgs/cmake/../msg -p xf_mic_asr_offline -o /home/lsy/catkin_ws/devel/share/common-lisp/ros/xf_mic_asr_offline/msg
[ 10%] [34m[1mGenerating Python from MSG xf_mic_asr_offline/position[0m
catkin_generated/env_cached.sh /usr/bin/python2 /opt/ros/melodic/share/genpy/cmake/../../../lib/genpy/genmsg_py.py /home/lsy/catkin_ws/src/4wd_wheeltec/src/xf_mic_asr_offline/msg/position.msg -Ixf_mic_asr_offline:/home/lsy/catkin_ws/src/4wd_wheeltec/src/xf_mic_asr_offline/msg -Istd_msgs:/opt/ros/melodic/share/std_msgs/cmake/../msg -p xf_mic_asr_offline -o /home/lsy/catkin_ws/devel/lib/python2.7/dist-packages/xf_mic_asr_offline/msg
[ 12%] [34m[1mGenerating Lisp code from xf_mic_asr_offline/Pcm_Msg.msg[0m
catkin_generated/env_cached.sh /usr/bin/python2 /opt/ros/melodic/share/genlisp/cmake/../../../lib/genlisp/gen_lisp.py /home/lsy/catkin_ws/src/4wd_wheeltec/src/xf_mic_asr_offline/msg/Pcm_Msg.msg -Ixf_mic_asr_offline:/home/lsy/catkin_ws/src/4wd_wheeltec/src/xf_mic_asr_offline/msg -Istd_msgs:/opt/ros/melodic/share/std_msgs/cmake/../msg -p xf_mic_asr_offline -o /home/lsy/catkin_ws/devel/share/common-lisp/ros/xf_mic_asr_offline/msg
[ 13%] [34m[1mGenerating Javascript code from xf_mic_asr_offline/Pcm_Msg.msg[0m
catkin_generated/env_cached.sh /usr/bin/python2 /opt/ros/melodic/share/gennodejs/cmake/../../../lib/gennodejs/gen_nodejs.py /home/lsy/catkin_ws/src/4wd_wheeltec/src/xf_mic_asr_offline/msg/Pcm_Msg.msg -Ixf_mic_asr_offline:/home/lsy/catkin_ws/src/4wd_wheeltec/src/xf_mic_asr_offline/msg -Istd_msgs:/opt/ros/melodic/share/std_msgs/cmake/../msg -p xf_mic_asr_offline -o /home/lsy/catkin_ws/devel/share/gennodejs/ros/xf_mic_asr_offline/msg
[ 15%] [34m[1mGenerating EusLisp code from xf_mic_asr_offline/Pcm_Msg.msg[0m
catkin_generated/env_cached.sh /usr/bin/python2 /opt/ros/melodic/share/geneus/cmake/../../../lib/geneus/gen_eus.py /home/lsy/catkin_ws/src/4wd_wheeltec/src/xf_mic_asr_offline/msg/Pcm_Msg.msg -Ixf_mic_asr_offline:/home/lsy/catkin_ws/src/4wd_wheeltec/src/xf_mic_asr_offline/msg -Istd_msgs:/opt/ros/melodic/share/std_msgs/cmake/../msg -p xf_mic_asr_offline -o /home/lsy/catkin_ws/devel/share/roseus/ros/xf_mic_asr_offline/msg
[ 17%] [34m[1mGenerating Lisp code from xf_mic_asr_offline/Set_Major_Mic_srv.srv[0m
catkin_generated/env_cached.sh /usr/bin/python2 /opt/ros/melodic/share/genlisp/cmake/../../../lib/genlisp/gen_lisp.py /home/lsy/catkin_ws/src/4wd_wheeltec/src/xf_mic_asr_offline/srv/Set_Major_Mic_srv.srv -Ixf_mic_asr_offline:/home/lsy/catkin_ws/src/4wd_wheeltec/src/xf_mic_asr_offline/msg -Istd_msgs:/opt/ros/melodic/share/std_msgs/cmake/../msg -p xf_mic_asr_offline -o /home/lsy/catkin_ws/devel/share/common-lisp/ros/xf_mic_asr_offline/srv
[ 18%] [34m[1mGenerating Javascript code from xf_mic_asr_offline/Set_Major_Mic_srv.srv[0m
catkin_generated/env_cached.sh /usr/bin/python2 /opt/ros/melodic/share/gennodejs/cmake/../../../lib/gennodejs/gen_nodejs.py /home/lsy/catkin_ws/src/4wd_wheeltec/src/xf_mic_asr_offline/srv/Set_Major_Mic_srv.srv -Ixf_mic_asr_offline:/home/lsy/catkin_ws/src/4wd_wheeltec/src/xf_mic_asr_offline/msg -Istd_msgs:/opt/ros/melodic/share/std_msgs/cmake/../msg -p xf_mic_asr_offline -o /home/lsy/catkin_ws/devel/share/gennodejs/ros/xf_mic_asr_offline/srv
[ 20%] [34m[1mGenerating EusLisp code from xf_mic_asr_offline/Set_Major_Mic_srv.srv[0m
catkin_generated/env_cached.sh /usr/bin/python2 /opt/ros/melodic/share/geneus/cmake/../../../lib/geneus/gen_eus.py /home/lsy/catkin_ws/src/4wd_wheeltec/src/xf_mic_asr_offline/srv/Set_Major_Mic_srv.srv -Ixf_mic_asr_offline:/home/lsy/catkin_ws/src/4wd_wheeltec/src/xf_mic_asr_offline/msg -Istd_msgs:/opt/ros/melodic/share/std_msgs/cmake/../msg -p xf_mic_asr_offline -o /home/lsy/catkin_ws/devel/share/roseus/ros/xf_mic_asr_offline/srv
[ 22%] [34m[1mGenerating Lisp code from xf_mic_asr_offline/Get_Major_Mic_srv.srv[0m
catkin_generated/env_cached.sh /usr/bin/python2 /opt/ros/melodic/share/genlisp/cmake/../../../lib/genlisp/gen_lisp.py /home/lsy/catkin_ws/src/4wd_wheeltec/src/xf_mic_asr_offline/srv/Get_Major_Mic_srv.srv -Ixf_mic_asr_offline:/home/lsy/catkin_ws/src/4wd_wheeltec/src/xf_mic_asr_offline/msg -Istd_msgs:/opt/ros/melodic/share/std_msgs/cmake/../msg -p xf_mic_asr_offline -o /home/lsy/catkin_ws/devel/share/common-lisp/ros/xf_mic_asr_offline/srv
[ 24%] [34m[1mGenerating Python from MSG xf_mic_asr_offline/Pcm_Msg[0m
catkin_generated/env_cached.sh /usr/bin/python2 /opt/ros/melodic/share/genpy/cmake/../../../lib/genpy/genmsg_py.py /home/lsy/catkin_ws/src/4wd_wheeltec/src/xf_mic_asr_offline/msg/Pcm_Msg.msg -Ixf_mic_asr_offline:/home/lsy/catkin_ws/src/4wd_wheeltec/src/xf_mic_asr_offline/msg -Istd_msgs:/opt/ros/melodic/share/std_msgs/cmake/../msg -p xf_mic_asr_offline -o /home/lsy/catkin_ws/devel/lib/python2.7/dist-packages/xf_mic_asr_offline/msg
[ 25%] [34m[1mGenerating C++ code from xf_mic_asr_offline/Set_Major_Mic_srv.srv[0m
cd /home/lsy/catkin_ws/src/4wd_wheeltec/src/xf_mic_asr_offline && /home/lsy/catkin_ws/build/xf_mic_asr_offline/catkin_generated/env_cached.sh /usr/bin/python2 /opt/ros/melodic/share/gencpp/cmake/../../../lib/gencpp/gen_cpp.py /home/lsy/catkin_ws/src/4wd_wheeltec/src/xf_mic_asr_offline/srv/Set_Major_Mic_srv.srv -Ixf_mic_asr_offline:/home/lsy/catkin_ws/src/4wd_wheeltec/src/xf_mic_asr_offline/msg -Istd_msgs:/opt/ros/melodic/share/std_msgs/cmake/../msg -p xf_mic_asr_offline -o /home/lsy/catkin_ws/devel/include/xf_mic_asr_offline -e /opt/ros/melodic/share/gencpp/cmake/..
[ 27%] [34m[1mGenerating Python code from SRV xf_mic_asr_offline/Set_Major_Mic_srv[0m
catkin_generated/env_cached.sh /usr/bin/python2 /opt/ros/melodic/share/genpy/cmake/../../../lib/genpy/gensrv_py.py /home/lsy/catkin_ws/src/4wd_wheeltec/src/xf_mic_asr_offline/srv/Set_Major_Mic_srv.srv -Ixf_mic_asr_offline:/home/lsy/catkin_ws/src/4wd_wheeltec/src/xf_mic_asr_offline/msg -Istd_msgs:/opt/ros/melodic/share/std_msgs/cmake/../msg -p xf_mic_asr_offline -o /home/lsy/catkin_ws/devel/lib/python2.7/dist-packages/xf_mic_asr_offline/srv
[ 29%] [34m[1mGenerating EusLisp code from xf_mic_asr_offline/Get_Major_Mic_srv.srv[0m
catkin_generated/env_cached.sh /usr/bin/python2 /opt/ros/melodic/share/geneus/cmake/../../../lib/geneus/gen_eus.py /home/lsy/catkin_ws/src/4wd_wheeltec/src/xf_mic_asr_offline/srv/Get_Major_Mic_srv.srv -Ixf_mic_asr_offline:/home/lsy/catkin_ws/src/4wd_wheeltec/src/xf_mic_asr_offline/msg -Istd_msgs:/opt/ros/melodic/share/std_msgs/cmake/../msg -p xf_mic_asr_offline -o /home/lsy/catkin_ws/devel/share/roseus/ros/xf_mic_asr_offline/srv
[ 31%] [34m[1mGenerating Javascript code from xf_mic_asr_offline/Get_Major_Mic_srv.srv[0m
catkin_generated/env_cached.sh /usr/bin/python2 /opt/ros/melodic/share/gennodejs/cmake/../../../lib/gennodejs/gen_nodejs.py /home/lsy/catkin_ws/src/4wd_wheeltec/src/xf_mic_asr_offline/srv/Get_Major_Mic_srv.srv -Ixf_mic_asr_offline:/home/lsy/catkin_ws/src/4wd_wheeltec/src/xf_mic_asr_offline/msg -Istd_msgs:/opt/ros/melodic/share/std_msgs/cmake/../msg -p xf_mic_asr_offline -o /home/lsy/catkin_ws/devel/share/gennodejs/ros/xf_mic_asr_offline/srv
[ 32%] [34m[1mGenerating Lisp code from xf_mic_asr_offline/Get_Offline_Result_srv.srv[0m
catkin_generated/env_cached.sh /usr/bin/python2 /opt/ros/melodic/share/genlisp/cmake/../../../lib/genlisp/gen_lisp.py /home/lsy/catkin_ws/src/4wd_wheeltec/src/xf_mic_asr_offline/srv/Get_Offline_Result_srv.srv -Ixf_mic_asr_offline:/home/lsy/catkin_ws/src/4wd_wheeltec/src/xf_mic_asr_offline/msg -Istd_msgs:/opt/ros/melodic/share/std_msgs/cmake/../msg -p xf_mic_asr_offline -o /home/lsy/catkin_ws/devel/share/common-lisp/ros/xf_mic_asr_offline/srv
[ 34%] [34m[1mGenerating EusLisp code from xf_mic_asr_offline/Get_Offline_Result_srv.srv[0m
catkin_generated/env_cached.sh /usr/bin/python2 /opt/ros/melodic/share/geneus/cmake/../../../lib/geneus/gen_eus.py /home/lsy/catkin_ws/src/4wd_wheeltec/src/xf_mic_asr_offline/srv/Get_Offline_Result_srv.srv -Ixf_mic_asr_offline:/home/lsy/catkin_ws/src/4wd_wheeltec/src/xf_mic_asr_offline/msg -Istd_msgs:/opt/ros/melodic/share/std_msgs/cmake/../msg -p xf_mic_asr_offline -o /home/lsy/catkin_ws/devel/share/roseus/ros/xf_mic_asr_offline/srv
[ 36%] [34m[1mGenerating Lisp code from xf_mic_asr_offline/Start_Record_srv.srv[0m
catkin_generated/env_cached.sh /usr/bin/python2 /opt/ros/melodic/share/genlisp/cmake/../../../lib/genlisp/gen_lisp.py /home/lsy/catkin_ws/src/4wd_wheeltec/src/xf_mic_asr_offline/srv/Start_Record_srv.srv -Ixf_mic_asr_offline:/home/lsy/catkin_ws/src/4wd_wheeltec/src/xf_mic_asr_offline/msg -Istd_msgs:/opt/ros/melodic/share/std_msgs/cmake/../msg -p xf_mic_asr_offline -o /home/lsy/catkin_ws/devel/share/common-lisp/ros/xf_mic_asr_offline/srv
[ 37%] [34m[1mGenerating Javascript code from xf_mic_asr_offline/Get_Offline_Result_srv.srv[0m
catkin_generated/env_cached.sh /usr/bin/python2 /opt/ros/melodic/share/gennodejs/cmake/../../../lib/gennodejs/gen_nodejs.py /home/lsy/catkin_ws/src/4wd_wheeltec/src/xf_mic_asr_offline/srv/Get_Offline_Result_srv.srv -Ixf_mic_asr_offline:/home/lsy/catkin_ws/src/4wd_wheeltec/src/xf_mic_asr_offline/msg -Istd_msgs:/opt/ros/melodic/share/std_msgs/cmake/../msg -p xf_mic_asr_offline -o /home/lsy/catkin_ws/devel/share/gennodejs/ros/xf_mic_asr_offline/srv
[ 39%] [34m[1mGenerating Python code from SRV xf_mic_asr_offline/Get_Major_Mic_srv[0m
catkin_generated/env_cached.sh /usr/bin/python2 /opt/ros/melodic/share/genpy/cmake/../../../lib/genpy/gensrv_py.py /home/lsy/catkin_ws/src/4wd_wheeltec/src/xf_mic_asr_offline/srv/Get_Major_Mic_srv.srv -Ixf_mic_asr_offline:/home/lsy/catkin_ws/src/4wd_wheeltec/src/xf_mic_asr_offline/msg -Istd_msgs:/opt/ros/melodic/share/std_msgs/cmake/../msg -p xf_mic_asr_offline -o /home/lsy/catkin_ws/devel/lib/python2.7/dist-packages/xf_mic_asr_offline/srv
[ 41%] [34m[1mGenerating Python code from SRV xf_mic_asr_offline/Get_Offline_Result_srv[0m
catkin_generated/env_cached.sh /usr/bin/python2 /opt/ros/melodic/share/genpy/cmake/../../../lib/genpy/gensrv_py.py /home/lsy/catkin_ws/src/4wd_wheeltec/src/xf_mic_asr_offline/srv/Get_Offline_Result_srv.srv -Ixf_mic_asr_offline:/home/lsy/catkin_ws/src/4wd_wheeltec/src/xf_mic_asr_offline/msg -Istd_msgs:/opt/ros/melodic/share/std_msgs/cmake/../msg -p xf_mic_asr_offline -o /home/lsy/catkin_ws/devel/lib/python2.7/dist-packages/xf_mic_asr_offline/srv
[ 43%] [34m[1mGenerating Lisp code from xf_mic_asr_offline/Get_Awake_Angle_srv.srv[0m
catkin_generated/env_cached.sh /usr/bin/python2 /opt/ros/melodic/share/genlisp/cmake/../../../lib/genlisp/gen_lisp.py /home/lsy/catkin_ws/src/4wd_wheeltec/src/xf_mic_asr_offline/srv/Get_Awake_Angle_srv.srv -Ixf_mic_asr_offline:/home/lsy/catkin_ws/src/4wd_wheeltec/src/xf_mic_asr_offline/msg -Istd_msgs:/opt/ros/melodic/share/std_msgs/cmake/../msg -p xf_mic_asr_offline -o /home/lsy/catkin_ws/devel/share/common-lisp/ros/xf_mic_asr_offline/srv
[ 44%] [34m[1mGenerating EusLisp code from xf_mic_asr_offline/Start_Record_srv.srv[0m
catkin_generated/env_cached.sh /usr/bin/python2 /opt/ros/melodic/share/geneus/cmake/../../../lib/geneus/gen_eus.py /home/lsy/catkin_ws/src/4wd_wheeltec/src/xf_mic_asr_offline/srv/Start_Record_srv.srv -Ixf_mic_asr_offline:/home/lsy/catkin_ws/src/4wd_wheeltec/src/xf_mic_asr_offline/msg -Istd_msgs:/opt/ros/melodic/share/std_msgs/cmake/../msg -p xf_mic_asr_offline -o /home/lsy/catkin_ws/devel/share/roseus/ros/xf_mic_asr_offline/srv
[ 46%] [34m[1mGenerating Javascript code from xf_mic_asr_offline/Start_Record_srv.srv[0m
catkin_generated/env_cached.sh /usr/bin/python2 /opt/ros/melodic/share/gennodejs/cmake/../../../lib/gennodejs/gen_nodejs.py /home/lsy/catkin_ws/src/4wd_wheeltec/src/xf_mic_asr_offline/srv/Start_Record_srv.srv -Ixf_mic_asr_offline:/home/lsy/catkin_ws/src/4wd_wheeltec/src/xf_mic_asr_offline/msg -Istd_msgs:/opt/ros/melodic/share/std_msgs/cmake/../msg -p xf_mic_asr_offline -o /home/lsy/catkin_ws/devel/share/gennodejs/ros/xf_mic_asr_offline/srv
[ 48%] [34m[1mGenerating Python code from SRV xf_mic_asr_offline/Start_Record_srv[0m
catkin_generated/env_cached.sh /usr/bin/python2 /opt/ros/melodic/share/genpy/cmake/../../../lib/genpy/gensrv_py.py /home/lsy/catkin_ws/src/4wd_wheeltec/src/xf_mic_asr_offline/srv/Start_Record_srv.srv -Ixf_mic_asr_offline:/home/lsy/catkin_ws/src/4wd_wheeltec/src/xf_mic_asr_offline/msg -Istd_msgs:/opt/ros/melodic/share/std_msgs/cmake/../msg -p xf_mic_asr_offline -o /home/lsy/catkin_ws/devel/lib/python2.7/dist-packages/xf_mic_asr_offline/srv
[ 50%] [34m[1mGenerating Lisp code from xf_mic_asr_offline/Set_Awake_Word_srv.srv[0m
catkin_generated/env_cached.sh /usr/bin/python2 /opt/ros/melodic/share/genlisp/cmake/../../../lib/genlisp/gen_lisp.py /home/lsy/catkin_ws/src/4wd_wheeltec/src/xf_mic_asr_offline/srv/Set_Awake_Word_srv.srv -Ixf_mic_asr_offline:/home/lsy/catkin_ws/src/4wd_wheeltec/src/xf_mic_asr_offline/msg -Istd_msgs:/opt/ros/melodic/share/std_msgs/cmake/../msg -p xf_mic_asr_offline -o /home/lsy/catkin_ws/devel/share/common-lisp/ros/xf_mic_asr_offline/srv
[ 53%] [34m[1mGenerating EusLisp code from xf_mic_asr_offline/Get_Awake_Angle_srv.srv[0m
[ 53%] [34m[1mGenerating Javascript code from xf_mic_asr_offline/Get_Awake_Angle_srv.srv[0m
catkin_generated/env_cached.sh /usr/bin/python2 /opt/ros/melodic/share/geneus/cmake/../../../lib/geneus/gen_eus.py /home/lsy/catkin_ws/src/4wd_wheeltec/src/xf_mic_asr_offline/srv/Get_Awake_Angle_srv.srv -Ixf_mic_asr_offline:/home/lsy/catkin_ws/src/4wd_wheeltec/src/xf_mic_asr_offline/msg -Istd_msgs:/opt/ros/melodic/share/std_msgs/cmake/../msg -p xf_mic_asr_offline -o /home/lsy/catkin_ws/devel/share/roseus/ros/xf_mic_asr_offline/srv
catkin_generated/env_cached.sh /usr/bin/python2 /opt/ros/melodic/share/gennodejs/cmake/../../../lib/gennodejs/gen_nodejs.py /home/lsy/catkin_ws/src/4wd_wheeltec/src/xf_mic_asr_offline/srv/Get_Awake_Angle_srv.srv -Ixf_mic_asr_offline:/home/lsy/catkin_ws/src/4wd_wheeltec/src/xf_mic_asr_offline/msg -Istd_msgs:/opt/ros/melodic/share/std_msgs/cmake/../msg -p xf_mic_asr_offline -o /home/lsy/catkin_ws/devel/share/gennodejs/ros/xf_mic_asr_offline/srv
[ 55%] [34m[1mGenerating C++ code from xf_mic_asr_offline/Get_Major_Mic_srv.srv[0m
[ 56%] [34m[1mGenerating Python code from SRV xf_mic_asr_offline/Get_Awake_Angle_srv[0m
cd /home/lsy/catkin_ws/src/4wd_wheeltec/src/xf_mic_asr_offline && /home/lsy/catkin_ws/build/xf_mic_asr_offline/catkin_generated/env_cached.sh /usr/bin/python2 /opt/ros/melodic/share/gencpp/cmake/../../../lib/gencpp/gen_cpp.py /home/lsy/catkin_ws/src/4wd_wheeltec/src/xf_mic_asr_offline/srv/Get_Major_Mic_srv.srv -Ixf_mic_asr_offline:/home/lsy/catkin_ws/src/4wd_wheeltec/src/xf_mic_asr_offline/msg -Istd_msgs:/opt/ros/melodic/share/std_msgs/cmake/../msg -p xf_mic_asr_offline -o /home/lsy/catkin_ws/devel/include/xf_mic_asr_offline -e /opt/ros/melodic/share/gencpp/cmake/..
catkin_generated/env_cached.sh /usr/bin/python2 /opt/ros/melodic/share/genpy/cmake/../../../lib/genpy/gensrv_py.py /home/lsy/catkin_ws/src/4wd_wheeltec/src/xf_mic_asr_offline/srv/Get_Awake_Angle_srv.srv -Ixf_mic_asr_offline:/home/lsy/catkin_ws/src/4wd_wheeltec/src/xf_mic_asr_offline/msg -Istd_msgs:/opt/ros/melodic/share/std_msgs/cmake/../msg -p xf_mic_asr_offline -o /home/lsy/catkin_ws/devel/lib/python2.7/dist-packages/xf_mic_asr_offline/srv
[ 58%] [34m[1mGenerating Javascript code from xf_mic_asr_offline/Set_Awake_Word_srv.srv[0m
[ 60%] [34m[1mGenerating Lisp code from xf_mic_asr_offline/Set_Led_On_srv.srv[0m
catkin_generated/env_cached.sh /usr/bin/python2 /opt/ros/melodic/share/genlisp/cmake/../../../lib/genlisp/gen_lisp.py /home/lsy/catkin_ws/src/4wd_wheeltec/src/xf_mic_asr_offline/srv/Set_Led_On_srv.srv -Ixf_mic_asr_offline:/home/lsy/catkin_ws/src/4wd_wheeltec/src/xf_mic_asr_offline/msg -Istd_msgs:/opt/ros/melodic/share/std_msgs/cmake/../msg -p xf_mic_asr_offline -o /home/lsy/catkin_ws/devel/share/common-lisp/ros/xf_mic_asr_offline/srv
catkin_generated/env_cached.sh /usr/bin/python2 /opt/ros/melodic/share/gennodejs/cmake/../../../lib/gennodejs/gen_nodejs.py /home/lsy/catkin_ws/src/4wd_wheeltec/src/xf_mic_asr_offline/srv/Set_Awake_Word_srv.srv -Ixf_mic_asr_offline:/home/lsy/catkin_ws/src/4wd_wheeltec/src/xf_mic_asr_offline/msg -Istd_msgs:/opt/ros/melodic/share/std_msgs/cmake/../msg -p xf_mic_asr_offline -o /home/lsy/catkin_ws/devel/share/gennodejs/ros/xf_mic_asr_offline/srv
[ 62%] [34m[1mGenerating EusLisp code from xf_mic_asr_offline/Set_Awake_Word_srv.srv[0m
catkin_generated/env_cached.sh /usr/bin/python2 /opt/ros/melodic/share/geneus/cmake/../../../lib/geneus/gen_eus.py /home/lsy/catkin_ws/src/4wd_wheeltec/src/xf_mic_asr_offline/srv/Set_Awake_Word_srv.srv -Ixf_mic_asr_offline:/home/lsy/catkin_ws/src/4wd_wheeltec/src/xf_mic_asr_offline/msg -Istd_msgs:/opt/ros/melodic/share/std_msgs/cmake/../msg -p xf_mic_asr_offline -o /home/lsy/catkin_ws/devel/share/roseus/ros/xf_mic_asr_offline/srv
make[2]: Leaving directory '/home/lsy/catkin_ws/build/xf_mic_asr_offline'
[ 63%] [34m[1mGenerating Javascript code from xf_mic_asr_offline/Set_Led_On_srv.srv[0m
catkin_generated/env_cached.sh /usr/bin/python2 /opt/ros/melodic/share/gennodejs/cmake/../../../lib/gennodejs/gen_nodejs.py /home/lsy/catkin_ws/src/4wd_wheeltec/src/xf_mic_asr_offline/srv/Set_Led_On_srv.srv -Ixf_mic_asr_offline:/home/lsy/catkin_ws/src/4wd_wheeltec/src/xf_mic_asr_offline/msg -Istd_msgs:/opt/ros/melodic/share/std_msgs/cmake/../msg -p xf_mic_asr_offline -o /home/lsy/catkin_ws/devel/share/gennodejs/ros/xf_mic_asr_offline/srv
[ 63%] Built target xf_mic_asr_offline_generate_messages_lisp
[ 65%] [34m[1mGenerating C++ code from xf_mic_asr_offline/Get_Offline_Result_srv.srv[0m
[ 67%] [34m[1mGenerating Python code from SRV xf_mic_asr_offline/Set_Led_On_srv[0m
catkin_generated/env_cached.sh /usr/bin/python2 /opt/ros/melodic/share/genpy/cmake/../../../lib/genpy/gensrv_py.py /home/lsy/catkin_ws/src/4wd_wheeltec/src/xf_mic_asr_offline/srv/Set_Led_On_srv.srv -Ixf_mic_asr_offline:/home/lsy/catkin_ws/src/4wd_wheeltec/src/xf_mic_asr_offline/msg -Istd_msgs:/opt/ros/melodic/share/std_msgs/cmake/../msg -p xf_mic_asr_offline -o /home/lsy/catkin_ws/devel/lib/python2.7/dist-packages/xf_mic_asr_offline/srv
[ 68%] [34m[1mGenerating Python code from SRV xf_mic_asr_offline/Set_Awake_Word_srv[0m
cd /home/lsy/catkin_ws/src/4wd_wheeltec/src/xf_mic_asr_offline && /home/lsy/catkin_ws/build/xf_mic_asr_offline/catkin_generated/env_cached.sh /usr/bin/python2 /opt/ros/melodic/share/gencpp/cmake/../../../lib/gencpp/gen_cpp.py /home/lsy/catkin_ws/src/4wd_wheeltec/src/xf_mic_asr_offline/srv/Get_Offline_Result_srv.srv -Ixf_mic_asr_offline:/home/lsy/catkin_ws/src/4wd_wheeltec/src/xf_mic_asr_offline/msg -Istd_msgs:/opt/ros/melodic/share/std_msgs/cmake/../msg -p xf_mic_asr_offline -o /home/lsy/catkin_ws/devel/include/xf_mic_asr_offline -e /opt/ros/melodic/share/gencpp/cmake/..
catkin_generated/env_cached.sh /usr/bin/python2 /opt/ros/melodic/share/genpy/cmake/../../../lib/genpy/gensrv_py.py /home/lsy/catkin_ws/src/4wd_wheeltec/src/xf_mic_asr_offline/srv/Set_Awake_Word_srv.srv -Ixf_mic_asr_offline:/home/lsy/catkin_ws/src/4wd_wheeltec/src/xf_mic_asr_offline/msg -Istd_msgs:/opt/ros/melodic/share/std_msgs/cmake/../msg -p xf_mic_asr_offline -o /home/lsy/catkin_ws/devel/lib/python2.7/dist-packages/xf_mic_asr_offline/srv
make[2]: Leaving directory '/home/lsy/catkin_ws/build/xf_mic_asr_offline'
[ 68%] Built target xf_mic_asr_offline_generate_messages_nodejs
[ 70%] [34m[1mGenerating EusLisp code from xf_mic_asr_offline/Set_Led_On_srv.srv[0m
catkin_generated/env_cached.sh /usr/bin/python2 /opt/ros/melodic/share/geneus/cmake/../../../lib/geneus/gen_eus.py /home/lsy/catkin_ws/src/4wd_wheeltec/src/xf_mic_asr_offline/srv/Set_Led_On_srv.srv -Ixf_mic_asr_offline:/home/lsy/catkin_ws/src/4wd_wheeltec/src/xf_mic_asr_offline/msg -Istd_msgs:/opt/ros/melodic/share/std_msgs/cmake/../msg -p xf_mic_asr_offline -o /home/lsy/catkin_ws/devel/share/roseus/ros/xf_mic_asr_offline/srv
[ 72%] [34m[1mGenerating EusLisp manifest code for xf_mic_asr_offline[0m
catkin_generated/env_cached.sh /usr/bin/python2 /opt/ros/melodic/share/geneus/cmake/../../../lib/geneus/gen_eus.py -m -o /home/lsy/catkin_ws/devel/share/roseus/ros/xf_mic_asr_offline xf_mic_asr_offline std_msgs
[ 74%] [34m[1mGenerating C++ code from xf_mic_asr_offline/Start_Record_srv.srv[0m
[ 75%] [34m[1mGenerating C++ code from xf_mic_asr_offline/Set_Awake_Word_srv.srv[0m
cd /home/lsy/catkin_ws/src/4wd_wheeltec/src/xf_mic_asr_offline && /home/lsy/catkin_ws/build/xf_mic_asr_offline/catkin_generated/env_cached.sh /usr/bin/python2 /opt/ros/melodic/share/gencpp/cmake/../../../lib/gencpp/gen_cpp.py /home/lsy/catkin_ws/src/4wd_wheeltec/src/xf_mic_asr_offline/srv/Start_Record_srv.srv -Ixf_mic_asr_offline:/home/lsy/catkin_ws/src/4wd_wheeltec/src/xf_mic_asr_offline/msg -Istd_msgs:/opt/ros/melodic/share/std_msgs/cmake/../msg -p xf_mic_asr_offline -o /home/lsy/catkin_ws/devel/include/xf_mic_asr_offline -e /opt/ros/melodic/share/gencpp/cmake/..
cd /home/lsy/catkin_ws/src/4wd_wheeltec/src/xf_mic_asr_offline && /home/lsy/catkin_ws/build/xf_mic_asr_offline/catkin_generated/env_cached.sh /usr/bin/python2 /opt/ros/melodic/share/gencpp/cmake/../../../lib/gencpp/gen_cpp.py /home/lsy/catkin_ws/src/4wd_wheeltec/src/xf_mic_asr_offline/srv/Set_Awake_Word_srv.srv -Ixf_mic_asr_offline:/home/lsy/catkin_ws/src/4wd_wheeltec/src/xf_mic_asr_offline/msg -Istd_msgs:/opt/ros/melodic/share/std_msgs/cmake/../msg -p xf_mic_asr_offline -o /home/lsy/catkin_ws/devel/include/xf_mic_asr_offline -e /opt/ros/melodic/share/gencpp/cmake/..
[ 77%] [34m[1mGenerating Python msg __init__.py for xf_mic_asr_offline[0m
[ 79%] [34m[1mGenerating C++ code from xf_mic_asr_offline/Get_Awake_Angle_srv.srv[0m
cd /home/lsy/catkin_ws/src/4wd_wheeltec/src/xf_mic_asr_offline && /home/lsy/catkin_ws/build/xf_mic_asr_offline/catkin_generated/env_cached.sh /usr/bin/python2 /opt/ros/melodic/share/gencpp/cmake/../../../lib/gencpp/gen_cpp.py /home/lsy/catkin_ws/src/4wd_wheeltec/src/xf_mic_asr_offline/srv/Get_Awake_Angle_srv.srv -Ixf_mic_asr_offline:/home/lsy/catkin_ws/src/4wd_wheeltec/src/xf_mic_asr_offline/msg -Istd_msgs:/opt/ros/melodic/share/std_msgs/cmake/../msg -p xf_mic_asr_offline -o /home/lsy/catkin_ws/devel/include/xf_mic_asr_offline -e /opt/ros/melodic/share/gencpp/cmake/..
catkin_generated/env_cached.sh /usr/bin/python2 /opt/ros/melodic/share/genpy/cmake/../../../lib/genpy/genmsg_py.py -o /home/lsy/catkin_ws/devel/lib/python2.7/dist-packages/xf_mic_asr_offline/msg --initpy
[ 81%] [34m[1mGenerating C++ code from xf_mic_asr_offline/Set_Led_On_srv.srv[0m
cd /home/lsy/catkin_ws/src/4wd_wheeltec/src/xf_mic_asr_offline && /home/lsy/catkin_ws/build/xf_mic_asr_offline/catkin_generated/env_cached.sh /usr/bin/python2 /opt/ros/melodic/share/gencpp/cmake/../../../lib/gencpp/gen_cpp.py /home/lsy/catkin_ws/src/4wd_wheeltec/src/xf_mic_asr_offline/srv/Set_Led_On_srv.srv -Ixf_mic_asr_offline:/home/lsy/catkin_ws/src/4wd_wheeltec/src/xf_mic_asr_offline/msg -Istd_msgs:/opt/ros/melodic/share/std_msgs/cmake/../msg -p xf_mic_asr_offline -o /home/lsy/catkin_ws/devel/include/xf_mic_asr_offline -e /opt/ros/melodic/share/gencpp/cmake/..
[ 82%] [34m[1mGenerating Python srv __init__.py for xf_mic_asr_offline[0m
catkin_generated/env_cached.sh /usr/bin/python2 /opt/ros/melodic/share/genpy/cmake/../../../lib/genpy/genmsg_py.py -o /home/lsy/catkin_ws/devel/lib/python2.7/dist-packages/xf_mic_asr_offline/srv --initpy
make[2]: Leaving directory '/home/lsy/catkin_ws/build/xf_mic_asr_offline'
[ 82%] Built target xf_mic_asr_offline_generate_messages_py
make[2]: Leaving directory '/home/lsy/catkin_ws/build/xf_mic_asr_offline'
[ 82%] Built target xf_mic_asr_offline_generate_messages_cpp
/usr/bin/make -f CMakeFiles/xf_mic_asr_offline_gencpp.dir/build.make CMakeFiles/xf_mic_asr_offline_gencpp.dir/depend
make[2]: Entering directory '/home/lsy/catkin_ws/build/xf_mic_asr_offline'
cd /home/lsy/catkin_ws/build/xf_mic_asr_offline && /usr/bin/cmake -E cmake_depends "Unix Makefiles" /home/lsy/catkin_ws/src/4wd_wheeltec/src/xf_mic_asr_offline /home/lsy/catkin_ws/src/4wd_wheeltec/src/xf_mic_asr_offline /home/lsy/catkin_ws/build/xf_mic_asr_offline /home/lsy/catkin_ws/build/xf_mic_asr_offline /home/lsy/catkin_ws/build/xf_mic_asr_offline/CMakeFiles/xf_mic_asr_offline_gencpp.dir/DependInfo.cmake --color=
[35m[1mScanning dependencies of target xf_mic_asr_offline_gencpp[0m
make[2]: Leaving directory '/home/lsy/catkin_ws/build/xf_mic_asr_offline'
/usr/bin/make -f CMakeFiles/xf_mic_asr_offline_gencpp.dir/build.make CMakeFiles/xf_mic_asr_offline_gencpp.dir/build
make[2]: Entering directory '/home/lsy/catkin_ws/build/xf_mic_asr_offline'
make[2]: Nothing to be done for 'CMakeFiles/xf_mic_asr_offline_gencpp.dir/build'.
make[2]: Leaving directory '/home/lsy/catkin_ws/build/xf_mic_asr_offline'
[ 82%] Built target xf_mic_asr_offline_gencpp
/usr/bin/make -f CMakeFiles/command_recognition.dir/build.make CMakeFiles/command_recognition.dir/depend
/usr/bin/make -f CMakeFiles/motion_control.dir/build.make CMakeFiles/motion_control.dir/depend
/usr/bin/make -f CMakeFiles/voice_control.dir/build.make CMakeFiles/voice_control.dir/depend
/usr/bin/make -f CMakeFiles/call_recognition.dir/build.make CMakeFiles/call_recognition.dir/depend
/usr/bin/make -f CMakeFiles/refresh_mic.dir/build.make CMakeFiles/refresh_mic.dir/depend
make[2]: Entering directory '/home/lsy/catkin_ws/build/xf_mic_asr_offline'
cd /home/lsy/catkin_ws/build/xf_mic_asr_offline && /usr/bin/cmake -E cmake_depends "Unix Makefiles" /home/lsy/catkin_ws/src/4wd_wheeltec/src/xf_mic_asr_offline /home/lsy/catkin_ws/src/4wd_wheeltec/src/xf_mic_asr_offline /home/lsy/catkin_ws/build/xf_mic_asr_offline /home/lsy/catkin_ws/build/xf_mic_asr_offline /home/lsy/catkin_ws/build/xf_mic_asr_offline/CMakeFiles/command_recognition.dir/DependInfo.cmake --color=
make[2]: Entering directory '/home/lsy/catkin_ws/build/xf_mic_asr_offline'
cd /home/lsy/catkin_ws/build/xf_mic_asr_offline && /usr/bin/cmake -E cmake_depends "Unix Makefiles" /home/lsy/catkin_ws/src/4wd_wheeltec/src/xf_mic_asr_offline /home/lsy/catkin_ws/src/4wd_wheeltec/src/xf_mic_asr_offline /home/lsy/catkin_ws/build/xf_mic_asr_offline /home/lsy/catkin_ws/build/xf_mic_asr_offline /home/lsy/catkin_ws/build/xf_mic_asr_offline/CMakeFiles/motion_control.dir/DependInfo.cmake --color=
make[2]: Entering directory '/home/lsy/catkin_ws/build/xf_mic_asr_offline'
cd /home/lsy/catkin_ws/build/xf_mic_asr_offline && /usr/bin/cmake -E cmake_depends "Unix Makefiles" /home/lsy/catkin_ws/src/4wd_wheeltec/src/xf_mic_asr_offline /home/lsy/catkin_ws/src/4wd_wheeltec/src/xf_mic_asr_offline /home/lsy/catkin_ws/build/xf_mic_asr_offline /home/lsy/catkin_ws/build/xf_mic_asr_offline /home/lsy/catkin_ws/build/xf_mic_asr_offline/CMakeFiles/voice_control.dir/DependInfo.cmake --color=
make[2]: Entering directory '/home/lsy/catkin_ws/build/xf_mic_asr_offline'
cd /home/lsy/catkin_ws/build/xf_mic_asr_offline && /usr/bin/cmake -E cmake_depends "Unix Makefiles" /home/lsy/catkin_ws/src/4wd_wheeltec/src/xf_mic_asr_offline /home/lsy/catkin_ws/src/4wd_wheeltec/src/xf_mic_asr_offline /home/lsy/catkin_ws/build/xf_mic_asr_offline /home/lsy/catkin_ws/build/xf_mic_asr_offline /home/lsy/catkin_ws/build/xf_mic_asr_offline/CMakeFiles/refresh_mic.dir/DependInfo.cmake --color=
make[2]: Entering directory '/home/lsy/catkin_ws/build/xf_mic_asr_offline'
cd /home/lsy/catkin_ws/build/xf_mic_asr_offline && /usr/bin/cmake -E cmake_depends "Unix Makefiles" /home/lsy/catkin_ws/src/4wd_wheeltec/src/xf_mic_asr_offline /home/lsy/catkin_ws/src/4wd_wheeltec/src/xf_mic_asr_offline /home/lsy/catkin_ws/build/xf_mic_asr_offline /home/lsy/catkin_ws/build/xf_mic_asr_offline /home/lsy/catkin_ws/build/xf_mic_asr_offline/CMakeFiles/call_recognition.dir/DependInfo.cmake --color=
[35m[1mScanning dependencies of target command_recognition[0m
[35m[1mScanning dependencies of target motion_control[0m
[35m[1mScanning dependencies of target call_recognition[0m
[35m[1mScanning dependencies of target refresh_mic[0m
[35m[1mScanning dependencies of target voice_control[0m
make[2]: Leaving directory '/home/lsy/catkin_ws/build/xf_mic_asr_offline'
/usr/bin/make -f CMakeFiles/command_recognition.dir/build.make CMakeFiles/command_recognition.dir/build
make[2]: Leaving directory '/home/lsy/catkin_ws/build/xf_mic_asr_offline'
/usr/bin/make -f CMakeFiles/refresh_mic.dir/build.make CMakeFiles/refresh_mic.dir/build
make[2]: Entering directory '/home/lsy/catkin_ws/build/xf_mic_asr_offline'
make[2]: Entering directory '/home/lsy/catkin_ws/build/xf_mic_asr_offline'
[ 84%] [32mBuilding CXX object CMakeFiles/refresh_mic.dir/src/refresh_mic.cpp.o[0m
/usr/bin/c++  -DROSCONSOLE_BACKEND_LOG4CXX -DROS_BUILD_SHARED_LIBS=1 -DROS_PACKAGE_NAME=\"xf_mic_asr_offline\" -I/home/lsy/catkin_ws/devel/include -I/home/lsy/catkin_ws/src/4wd_wheeltec/src/xf_mic_asr_offline/include -I/opt/ros/melodic/include -I/opt/ros/melodic/share/xmlrpcpp/cmake/../../../include/xmlrpcpp  -g  -g   -std=c++11 -o CMakeFiles/refresh_mic.dir/src/refresh_mic.cpp.o -c /home/lsy/catkin_ws/src/4wd_wheeltec/src/xf_mic_asr_offline/src/refresh_mic.cpp
[ 86%] [32mBuilding CXX object CMakeFiles/command_recognition.dir/src/command_recognition.cpp.o[0m
/usr/bin/c++  -DROSCONSOLE_BACKEND_LOG4CXX -DROS_BUILD_SHARED_LIBS=1 -DROS_PACKAGE_NAME=\"xf_mic_asr_offline\" -I/home/lsy/catkin_ws/devel/include -I/home/lsy/catkin_ws/src/4wd_wheeltec/src/xf_mic_asr_offline/include -I/opt/ros/melodic/include -I/opt/ros/melodic/share/xmlrpcpp/cmake/../../../include/xmlrpcpp  -g  -g   -std=c++11 -o CMakeFiles/command_recognition.dir/src/command_recognition.cpp.o -c /home/lsy/catkin_ws/src/4wd_wheeltec/src/xf_mic_asr_offline/src/command_recognition.cpp
make[2]: Leaving directory '/home/lsy/catkin_ws/build/xf_mic_asr_offline'
/usr/bin/make -f CMakeFiles/call_recognition.dir/build.make CMakeFiles/call_recognition.dir/build
make[2]: Leaving directory '/home/lsy/catkin_ws/build/xf_mic_asr_offline'
/usr/bin/make -f CMakeFiles/motion_control.dir/build.make CMakeFiles/motion_control.dir/build
make[2]: Leaving directory '/home/lsy/catkin_ws/build/xf_mic_asr_offline'
/usr/bin/make -f CMakeFiles/voice_control.dir/build.make CMakeFiles/voice_control.dir/build
make[2]: Entering directory '/home/lsy/catkin_ws/build/xf_mic_asr_offline'
make[2]: Entering directory '/home/lsy/catkin_ws/build/xf_mic_asr_offline'
make[2]: Entering directory '/home/lsy/catkin_ws/build/xf_mic_asr_offline'
[ 87%] [32mBuilding CXX object CMakeFiles/call_recognition.dir/src/call_recognition.cpp.o[0m
[ 89%] [32mBuilding CXX object CMakeFiles/voice_control.dir/src/voice_control.cpp.o[0m
/usr/bin/c++  -DROSCONSOLE_BACKEND_LOG4CXX -DROS_BUILD_SHARED_LIBS=1 -DROS_PACKAGE_NAME=\"xf_mic_asr_offline\" -I/home/lsy/catkin_ws/devel/include -I/home/lsy/catkin_ws/src/4wd_wheeltec/src/xf_mic_asr_offline/include -I/opt/ros/melodic/include -I/opt/ros/melodic/share/xmlrpcpp/cmake/../../../include/xmlrpcpp  -g  -g   -std=c++11 -o CMakeFiles/call_recognition.dir/src/call_recognition.cpp.o -c /home/lsy/catkin_ws/src/4wd_wheeltec/src/xf_mic_asr_offline/src/call_recognition.cpp
/usr/bin/c++  -DROSCONSOLE_BACKEND_LOG4CXX -DROS_BUILD_SHARED_LIBS=1 -DROS_PACKAGE_NAME=\"xf_mic_asr_offline\" -I/home/lsy/catkin_ws/devel/include -I/home/lsy/catkin_ws/src/4wd_wheeltec/src/xf_mic_asr_offline/include -I/opt/ros/melodic/include -I/opt/ros/melodic/share/xmlrpcpp/cmake/../../../include/xmlrpcpp  -g  -g   -std=c++11 -o CMakeFiles/voice_control.dir/src/voice_control.cpp.o -c /home/lsy/catkin_ws/src/4wd_wheeltec/src/xf_mic_asr_offline/src/voice_control.cpp
[ 91%] [32mBuilding CXX object CMakeFiles/motion_control.dir/src/motion_control.cpp.o[0m
/usr/bin/c++  -DROSCONSOLE_BACKEND_LOG4CXX -DROS_BUILD_SHARED_LIBS=1 -DROS_PACKAGE_NAME=\"xf_mic_asr_offline\" -I/home/lsy/catkin_ws/devel/include -I/home/lsy/catkin_ws/src/4wd_wheeltec/src/xf_mic_asr_offline/include -I/opt/ros/melodic/include -I/opt/ros/melodic/share/xmlrpcpp/cmake/../../../include/xmlrpcpp  -g  -g   -std=c++11 -o CMakeFiles/motion_control.dir/src/motion_control.cpp.o -c /home/lsy/catkin_ws/src/4wd_wheeltec/src/xf_mic_asr_offline/src/motion_control.cpp
make[2]: Leaving directory '/home/lsy/catkin_ws/build/xf_mic_asr_offline'
[ 91%] Built target xf_mic_asr_offline_generate_messages_eus
/usr/bin/make -f CMakeFiles/xf_mic_asr_offline_generate_messages.dir/build.make CMakeFiles/xf_mic_asr_offline_generate_messages.dir/depend
make[2]: Entering directory '/home/lsy/catkin_ws/build/xf_mic_asr_offline'
cd /home/lsy/catkin_ws/build/xf_mic_asr_offline && /usr/bin/cmake -E cmake_depends "Unix Makefiles" /home/lsy/catkin_ws/src/4wd_wheeltec/src/xf_mic_asr_offline /home/lsy/catkin_ws/src/4wd_wheeltec/src/xf_mic_asr_offline /home/lsy/catkin_ws/build/xf_mic_asr_offline /home/lsy/catkin_ws/build/xf_mic_asr_offline /home/lsy/catkin_ws/build/xf_mic_asr_offline/CMakeFiles/xf_mic_asr_offline_generate_messages.dir/DependInfo.cmake --color=
[35m[1mScanning dependencies of target xf_mic_asr_offline_generate_messages[0m
make[2]: Leaving directory '/home/lsy/catkin_ws/build/xf_mic_asr_offline'
/usr/bin/make -f CMakeFiles/xf_mic_asr_offline_generate_messages.dir/build.make CMakeFiles/xf_mic_asr_offline_generate_messages.dir/build
make[2]: Entering directory '/home/lsy/catkin_ws/build/xf_mic_asr_offline'
make[2]: Nothing to be done for 'CMakeFiles/xf_mic_asr_offline_generate_messages.dir/build'.
make[2]: Leaving directory '/home/lsy/catkin_ws/build/xf_mic_asr_offline'
[ 91%] Built target xf_mic_asr_offline_generate_messages
[01m[K/home/lsy/catkin_ws/src/4wd_wheeltec/src/xf_mic_asr_offline/src/voice_control.cpp:[m[K In function '[01m[Kbool Get_Offline_Recognise_Result(xf_mic_asr_offline::Get_Offline_Result_srv::Request&, xf_mic_asr_offline::Get_Offline_Result_srv::Response&)[m[K':
[01m[K/home/lsy/catkin_ws/src/4wd_wheeltec/src/xf_mic_asr_offline/src/voice_control.cpp:578:18:[m[K [01;35m[Kwarning: [m[KISO C++ forbids converting a string constant to '[01m[Kchar*[m[K' [[01;35m[K-Wwrite-strings[m[K]
   whole_result = [01;35m[K""[m[K;
                  [01;35m[K^~[m[K
[ 93%] [32m[1mLinking CXX executable /home/lsy/catkin_ws/devel/lib/xf_mic_asr_offline/command_recognition[0m
/usr/bin/cmake -E cmake_link_script CMakeFiles/command_recognition.dir/link.txt --verbose=1
/usr/bin/c++    -g  -g  -rdynamic CMakeFiles/command_recognition.dir/src/command_recognition.cpp.o  -o /home/lsy/catkin_ws/devel/lib/xf_mic_asr_offline/command_recognition  -L/home/lsy/catkin_ws/src/4wd_wheeltec/src/xf_mic_asr_offline/lib/arm64 -Wl,-rpath,/home/lsy/catkin_ws/src/4wd_wheeltec/src/xf_mic_asr_offline/lib/arm64:/opt/ros/melodic/lib /opt/ros/melodic/lib/libtf.so /opt/ros/melodic/lib/libtf2_ros.so /opt/ros/melodic/lib/libactionlib.so /opt/ros/melodic/lib/libmessage_filters.so /opt/ros/melodic/lib/libroscpp.so -lboost_filesystem /opt/ros/melodic/lib/libxmlrpcpp.so /opt/ros/melodic/lib/libtf2.so /opt/ros/melodic/lib/libroscpp_serialization.so /opt/ros/melodic/lib/librosconsole.so /opt/ros/melodic/lib/librosconsole_log4cxx.so /opt/ros/melodic/lib/librosconsole_backend_interface.so -llog4cxx -lboost_regex /opt/ros/melodic/lib/librostime.so /opt/ros/melodic/lib/libcpp_common.so -lboost_system -lboost_thread -lboost_chrono -lboost_date_time -lboost_atomic -lpthread /usr/lib/x86_64-linux-gnu/libconsole_bridge.so.0.4 
make[2]: Leaving directory '/home/lsy/catkin_ws/build/xf_mic_asr_offline'
[ 94%] [32m[1mLinking CXX executable /home/lsy/catkin_ws/devel/lib/xf_mic_asr_offline/refresh_mic[0m
/usr/bin/cmake -E cmake_link_script CMakeFiles/refresh_mic.dir/link.txt --verbose=1
/usr/bin/c++    -g  -g  -rdynamic CMakeFiles/refresh_mic.dir/src/refresh_mic.cpp.o  -o /home/lsy/catkin_ws/devel/lib/xf_mic_asr_offline/refresh_mic  -L/home/lsy/catkin_ws/src/4wd_wheeltec/src/xf_mic_asr_offline/lib/arm64 -Wl,-rpath,/home/lsy/catkin_ws/src/4wd_wheeltec/src/xf_mic_asr_offline/lib/arm64:/opt/ros/melodic/lib /opt/ros/melodic/lib/libtf.so /opt/ros/melodic/lib/libtf2_ros.so /opt/ros/melodic/lib/libactionlib.so /opt/ros/melodic/lib/libmessage_filters.so /opt/ros/melodic/lib/libroscpp.so -lboost_filesystem /opt/ros/melodic/lib/libxmlrpcpp.so /opt/ros/melodic/lib/libtf2.so /opt/ros/melodic/lib/libroscpp_serialization.so /opt/ros/melodic/lib/librosconsole.so /opt/ros/melodic/lib/librosconsole_log4cxx.so /opt/ros/melodic/lib/librosconsole_backend_interface.so -llog4cxx -lboost_regex /opt/ros/melodic/lib/librostime.so /opt/ros/melodic/lib/libcpp_common.so -lboost_system -lboost_thread -lboost_chrono -lboost_date_time -lboost_atomic -lpthread /usr/lib/x86_64-linux-gnu/libconsole_bridge.so.0.4 
[ 94%] Built target command_recognition
[ 96%] [32m[1mLinking CXX executable /home/lsy/catkin_ws/devel/lib/xf_mic_asr_offline/call_recognition[0m
/usr/bin/cmake -E cmake_link_script CMakeFiles/call_recognition.dir/link.txt --verbose=1
/usr/bin/c++    -g  -g  -rdynamic CMakeFiles/call_recognition.dir/src/call_recognition.cpp.o  -o /home/lsy/catkin_ws/devel/lib/xf_mic_asr_offline/call_recognition  -L/home/lsy/catkin_ws/src/4wd_wheeltec/src/xf_mic_asr_offline/lib/arm64 -Wl,-rpath,/home/lsy/catkin_ws/src/4wd_wheeltec/src/xf_mic_asr_offline/lib/arm64:/opt/ros/melodic/lib /opt/ros/melodic/lib/libtf.so /opt/ros/melodic/lib/libtf2_ros.so /opt/ros/melodic/lib/libactionlib.so /opt/ros/melodic/lib/libmessage_filters.so /opt/ros/melodic/lib/libroscpp.so -lboost_filesystem /opt/ros/melodic/lib/libxmlrpcpp.so /opt/ros/melodic/lib/libtf2.so /opt/ros/melodic/lib/libroscpp_serialization.so /opt/ros/melodic/lib/librosconsole.so /opt/ros/melodic/lib/librosconsole_log4cxx.so /opt/ros/melodic/lib/librosconsole_backend_interface.so -llog4cxx -lboost_regex /opt/ros/melodic/lib/librostime.so /opt/ros/melodic/lib/libcpp_common.so -lboost_system -lboost_thread -lboost_chrono -lboost_date_time -lboost_atomic -lpthread /usr/lib/x86_64-linux-gnu/libconsole_bridge.so.0.4 
make[2]: Leaving directory '/home/lsy/catkin_ws/build/xf_mic_asr_offline'
[ 96%] Built target refresh_mic
make[2]: Leaving directory '/home/lsy/catkin_ws/build/xf_mic_asr_offline'
[ 96%] Built target call_recognition
[ 98%] [32m[1mLinking CXX executable /home/lsy/catkin_ws/devel/lib/xf_mic_asr_offline/voice_control[0m
/usr/bin/cmake -E cmake_link_script CMakeFiles/voice_control.dir/link.txt --verbose=1
/usr/bin/c++    -g  -g  -rdynamic CMakeFiles/voice_control.dir/src/voice_control.cpp.o  -o /home/lsy/catkin_ws/devel/lib/xf_mic_asr_offline/voice_control  -L/home/lsy/catkin_ws/src/4wd_wheeltec/src/xf_mic_asr_offline/lib/arm64 -Wl,-rpath,/home/lsy/catkin_ws/src/4wd_wheeltec/src/xf_mic_asr_offline/lib/arm64:/opt/ros/melodic/lib /opt/ros/melodic/lib/libtf.so /opt/ros/melodic/lib/libtf2_ros.so /opt/ros/melodic/lib/libactionlib.so /opt/ros/melodic/lib/libmessage_filters.so /opt/ros/melodic/lib/libroscpp.so -lboost_filesystem /opt/ros/melodic/lib/libxmlrpcpp.so /opt/ros/melodic/lib/libtf2.so /opt/ros/melodic/lib/libroscpp_serialization.so /opt/ros/melodic/lib/librosconsole.so /opt/ros/melodic/lib/librosconsole_log4cxx.so /opt/ros/melodic/lib/librosconsole_backend_interface.so -llog4cxx -lboost_regex /opt/ros/melodic/lib/librostime.so /opt/ros/melodic/lib/libcpp_common.so -lboost_system -lboost_thread -lboost_chrono -lboost_date_time -lboost_atomic -lpthread /usr/lib/x86_64-linux-gnu/libconsole_bridge.so.0.4 -loffline_record_lib -lhid_lib -lrt -ldl -lpthread -lstdc++ 
/usr/bin/ld: skipping incompatible /home/lsy/catkin_ws/src/4wd_wheeltec/src/xf_mic_asr_offline/lib/arm64/liboffline_record_lib.so when searching for -loffline_record_lib
/usr/bin/ld: cannot find -loffline_record_lib
/usr/bin/ld: skipping incompatible /home/lsy/catkin_ws/src/4wd_wheeltec/src/xf_mic_asr_offline/lib/arm64/libhid_lib.so when searching for -lhid_lib
/usr/bin/ld: cannot find -lhid_lib
collect2: error: ld returned 1 exit status
CMakeFiles/voice_control.dir/build.make:120: recipe for target '/home/lsy/catkin_ws/devel/lib/xf_mic_asr_offline/voice_control' failed
make[2]: Leaving directory '/home/lsy/catkin_ws/build/xf_mic_asr_offline'
make[2]: *** [/home/lsy/catkin_ws/devel/lib/xf_mic_asr_offline/voice_control] Error 1
CMakeFiles/Makefile2:2278: recipe for target 'CMakeFiles/voice_control.dir/all' failed
make[1]: *** [CMakeFiles/voice_control.dir/all] Error 2
make[1]: *** Waiting for unfinished jobs....
[100%] [32m[1mLinking CXX executable /home/lsy/catkin_ws/devel/lib/xf_mic_asr_offline/motion_control[0m
/usr/bin/cmake -E cmake_link_script CMakeFiles/motion_control.dir/link.txt --verbose=1
/usr/bin/c++    -g  -g  -rdynamic CMakeFiles/motion_control.dir/src/motion_control.cpp.o  -o /home/lsy/catkin_ws/devel/lib/xf_mic_asr_offline/motion_control  -L/home/lsy/catkin_ws/src/4wd_wheeltec/src/xf_mic_asr_offline/lib/arm64 -Wl,-rpath,/home/lsy/catkin_ws/src/4wd_wheeltec/src/xf_mic_asr_offline/lib/arm64:/opt/ros/melodic/lib /opt/ros/melodic/lib/libtf.so /opt/ros/melodic/lib/libtf2_ros.so /opt/ros/melodic/lib/libactionlib.so /opt/ros/melodic/lib/libmessage_filters.so /opt/ros/melodic/lib/libroscpp.so -lboost_filesystem /opt/ros/melodic/lib/libxmlrpcpp.so /opt/ros/melodic/lib/libtf2.so /opt/ros/melodic/lib/libroscpp_serialization.so /opt/ros/melodic/lib/librosconsole.so /opt/ros/melodic/lib/librosconsole_log4cxx.so /opt/ros/melodic/lib/librosconsole_backend_interface.so -llog4cxx -lboost_regex /opt/ros/melodic/lib/librostime.so /opt/ros/melodic/lib/libcpp_common.so -lboost_system -lboost_thread -lboost_chrono -lboost_date_time -lboost_atomic -lpthread /usr/lib/x86_64-linux-gnu/libconsole_bridge.so.0.4 
make[2]: Leaving directory '/home/lsy/catkin_ws/build/xf_mic_asr_offline'
[100%] Built target motion_control
make[1]: Leaving directory '/home/lsy/catkin_ws/build/xf_mic_asr_offline'
Makefile:143: recipe for target 'all' failed
make: *** [all] Error 2
