Determining if the pthread_create exist failed with the following output:
Change Dir: /home/lsy/catkin_ws/build/tf_follower/CMakeFiles/CMakeTmp

Run Build Command:"/usr/bin/make" "cmTC_150f8/fast"
/usr/bin/make -f CMakeFiles/cmTC_150f8.dir/build.make CMakeFiles/cmTC_150f8.dir/build
make[1]: Entering directory '/home/lsy/catkin_ws/build/tf_follower/CMakeFiles/CMakeTmp'
Building C object CMakeFiles/cmTC_150f8.dir/CheckSymbolExists.c.o
/usr/bin/cc    -o CMakeFiles/cmTC_150f8.dir/CheckSymbolExists.c.o   -c /home/lsy/catkin_ws/build/tf_follower/CMakeFiles/CMakeTmp/CheckSymbolExists.c
Linking C executable cmTC_150f8
/usr/bin/cmake -E cmake_link_script CMakeFiles/cmTC_150f8.dir/link.txt --verbose=1
/usr/bin/cc      -rdynamic CMakeFiles/cmTC_150f8.dir/CheckSymbolExists.c.o  -o cmTC_150f8 
CMakeFiles/cmTC_150f8.dir/CheckSymbolExists.c.o: In function `main':
CheckSymbolExists.c:(.text+0x1b): undefined reference to `pthread_create'
collect2: error: ld returned 1 exit status
CMakeFiles/cmTC_150f8.dir/build.make:97: recipe for target 'cmTC_150f8' failed
make[1]: *** [cmTC_150f8] Error 1
make[1]: Leaving directory '/home/lsy/catkin_ws/build/tf_follower/CMakeFiles/CMakeTmp'
Makefile:126: recipe for target 'cmTC_150f8/fast' failed
make: *** [cmTC_150f8/fast] Error 2

File /home/lsy/catkin_ws/build/tf_follower/CMakeFiles/CMakeTmp/CheckSymbolExists.c:
/* */
#include <pthread.h>

int main(int argc, char** argv)
{
  (void)argv;
#ifndef pthread_create
  return ((int*)(&pthread_create))[argc];
#else
  (void)argc;
  return 0;
#endif
}

Determining if the function pthread_create exists in the pthreads failed with the following output:
Change Dir: /home/lsy/catkin_ws/build/tf_follower/CMakeFiles/CMakeTmp

Run Build Command:"/usr/bin/make" "cmTC_0cb54/fast"
/usr/bin/make -f CMakeFiles/cmTC_0cb54.dir/build.make CMakeFiles/cmTC_0cb54.dir/build
make[1]: Entering directory '/home/lsy/catkin_ws/build/tf_follower/CMakeFiles/CMakeTmp'
Building C object CMakeFiles/cmTC_0cb54.dir/CheckFunctionExists.c.o
/usr/bin/cc   -DCHECK_FUNCTION_EXISTS=pthread_create   -o CMakeFiles/cmTC_0cb54.dir/CheckFunctionExists.c.o   -c /usr/share/cmake-3.10/Modules/CheckFunctionExists.c
Linking C executable cmTC_0cb54
/usr/bin/cmake -E cmake_link_script CMakeFiles/cmTC_0cb54.dir/link.txt --verbose=1
/usr/bin/cc  -DCHECK_FUNCTION_EXISTS=pthread_create    -rdynamic CMakeFiles/cmTC_0cb54.dir/CheckFunctionExists.c.o  -o cmTC_0cb54 -lpthreads 
/usr/bin/ld: cannot find -lpthreads
collect2: error: ld returned 1 exit status
CMakeFiles/cmTC_0cb54.dir/build.make:97: recipe for target 'cmTC_0cb54' failed
make[1]: *** [cmTC_0cb54] Error 1
make[1]: Leaving directory '/home/lsy/catkin_ws/build/tf_follower/CMakeFiles/CMakeTmp'
Makefile:126: recipe for target 'cmTC_0cb54/fast' failed
make: *** [cmTC_0cb54/fast] Error 2


