Determining if the pthread_create exist failed with the following output:
Change Dir: /home/lsy/catkin_ws/build/depthimage_to_laserscan/CMakeFiles/CMakeTmp

Run Build Command:"/usr/bin/make" "cmTC_57eed/fast"
/usr/bin/make -f CMakeFiles/cmTC_57eed.dir/build.make CMakeFiles/cmTC_57eed.dir/build
make[1]: Entering directory '/home/lsy/catkin_ws/build/depthimage_to_laserscan/CMakeFiles/CMakeTmp'
Building C object CMakeFiles/cmTC_57eed.dir/CheckSymbolExists.c.o
/usr/bin/cc    -o CMakeFiles/cmTC_57eed.dir/CheckSymbolExists.c.o   -c /home/lsy/catkin_ws/build/depthimage_to_laserscan/CMakeFiles/CMakeTmp/CheckSymbolExists.c
Linking C executable cmTC_57eed
/usr/bin/cmake -E cmake_link_script CMakeFiles/cmTC_57eed.dir/link.txt --verbose=1
/usr/bin/cc      -rdynamic CMakeFiles/cmTC_57eed.dir/CheckSymbolExists.c.o  -o cmTC_57eed 
CMakeFiles/cmTC_57eed.dir/CheckSymbolExists.c.o: In function `main':
CheckSymbolExists.c:(.text+0x1b): undefined reference to `pthread_create'
collect2: error: ld returned 1 exit status
CMakeFiles/cmTC_57eed.dir/build.make:97: recipe for target 'cmTC_57eed' failed
make[1]: *** [cmTC_57eed] Error 1
make[1]: Leaving directory '/home/lsy/catkin_ws/build/depthimage_to_laserscan/CMakeFiles/CMakeTmp'
Makefile:126: recipe for target 'cmTC_57eed/fast' failed
make: *** [cmTC_57eed/fast] Error 2

File /home/lsy/catkin_ws/build/depthimage_to_laserscan/CMakeFiles/CMakeTmp/CheckSymbolExists.c:
/* */
#include <pthread.h>

int main(int argc, char** argv)
{
  (void)argv;
#ifndef pthread_create
  return ((int*)(&pthread_create))[argc];
#else
  (void)argc;
  return 0;
#endif
}

Determining if the function pthread_create exists in the pthreads failed with the following output:
Change Dir: /home/lsy/catkin_ws/build/depthimage_to_laserscan/CMakeFiles/CMakeTmp

Run Build Command:"/usr/bin/make" "cmTC_98375/fast"
/usr/bin/make -f CMakeFiles/cmTC_98375.dir/build.make CMakeFiles/cmTC_98375.dir/build
make[1]: Entering directory '/home/lsy/catkin_ws/build/depthimage_to_laserscan/CMakeFiles/CMakeTmp'
Building C object CMakeFiles/cmTC_98375.dir/CheckFunctionExists.c.o
/usr/bin/cc   -DCHECK_FUNCTION_EXISTS=pthread_create   -o CMakeFiles/cmTC_98375.dir/CheckFunctionExists.c.o   -c /usr/share/cmake-3.10/Modules/CheckFunctionExists.c
Linking C executable cmTC_98375
/usr/bin/cmake -E cmake_link_script CMakeFiles/cmTC_98375.dir/link.txt --verbose=1
/usr/bin/cc  -DCHECK_FUNCTION_EXISTS=pthread_create    -rdynamic CMakeFiles/cmTC_98375.dir/CheckFunctionExists.c.o  -o cmTC_98375 -lpthreads 
/usr/bin/ld: cannot find -lpthreads
collect2: error: ld returned 1 exit status
CMakeFiles/cmTC_98375.dir/build.make:97: recipe for target 'cmTC_98375' failed
make[1]: *** [cmTC_98375] Error 1
make[1]: Leaving directory '/home/lsy/catkin_ws/build/depthimage_to_laserscan/CMakeFiles/CMakeTmp'
Makefile:126: recipe for target 'cmTC_98375/fast' failed
make: *** [cmTC_98375/fast] Error 2


