Determining if the pthread_create exist failed with the following output:
Change Dir: /home/lsy/catkin_ws/build/hector_map_tools/CMakeFiles/CMakeTmp

Run Build Command:"/usr/bin/make" "cmTC_435da/fast"
/usr/bin/make -f CMakeFiles/cmTC_435da.dir/build.make CMakeFiles/cmTC_435da.dir/build
make[1]: Entering directory '/home/lsy/catkin_ws/build/hector_map_tools/CMakeFiles/CMakeTmp'
Building C object CMakeFiles/cmTC_435da.dir/CheckSymbolExists.c.o
/usr/bin/cc    -o CMakeFiles/cmTC_435da.dir/CheckSymbolExists.c.o   -c /home/lsy/catkin_ws/build/hector_map_tools/CMakeFiles/CMakeTmp/CheckSymbolExists.c
Linking C executable cmTC_435da
/usr/bin/cmake -E cmake_link_script CMakeFiles/cmTC_435da.dir/link.txt --verbose=1
/usr/bin/cc      -rdynamic CMakeFiles/cmTC_435da.dir/CheckSymbolExists.c.o  -o cmTC_435da 
CMakeFiles/cmTC_435da.dir/CheckSymbolExists.c.o: In function `main':
CheckSymbolExists.c:(.text+0x1b): undefined reference to `pthread_create'
collect2: error: ld returned 1 exit status
CMakeFiles/cmTC_435da.dir/build.make:97: recipe for target 'cmTC_435da' failed
make[1]: *** [cmTC_435da] Error 1
make[1]: Leaving directory '/home/lsy/catkin_ws/build/hector_map_tools/CMakeFiles/CMakeTmp'
Makefile:126: recipe for target 'cmTC_435da/fast' failed
make: *** [cmTC_435da/fast] Error 2

File /home/lsy/catkin_ws/build/hector_map_tools/CMakeFiles/CMakeTmp/CheckSymbolExists.c:
/* */
#include <pthread.h>

int main(int argc, char** argv)
{
  (void)argv;
#ifndef pthread_create
  return ((int*)(&pthread_create))[argc];
#else
  (void)argc;
  return 0;
#endif
}

Determining if the function pthread_create exists in the pthreads failed with the following output:
Change Dir: /home/lsy/catkin_ws/build/hector_map_tools/CMakeFiles/CMakeTmp

Run Build Command:"/usr/bin/make" "cmTC_e257c/fast"
/usr/bin/make -f CMakeFiles/cmTC_e257c.dir/build.make CMakeFiles/cmTC_e257c.dir/build
make[1]: Entering directory '/home/lsy/catkin_ws/build/hector_map_tools/CMakeFiles/CMakeTmp'
Building C object CMakeFiles/cmTC_e257c.dir/CheckFunctionExists.c.o
/usr/bin/cc   -DCHECK_FUNCTION_EXISTS=pthread_create   -o CMakeFiles/cmTC_e257c.dir/CheckFunctionExists.c.o   -c /usr/share/cmake-3.10/Modules/CheckFunctionExists.c
Linking C executable cmTC_e257c
/usr/bin/cmake -E cmake_link_script CMakeFiles/cmTC_e257c.dir/link.txt --verbose=1
/usr/bin/cc  -DCHECK_FUNCTION_EXISTS=pthread_create    -rdynamic CMakeFiles/cmTC_e257c.dir/CheckFunctionExists.c.o  -o cmTC_e257c -lpthreads 
/usr/bin/ld: cannot find -lpthreads
collect2: error: ld returned 1 exit status
CMakeFiles/cmTC_e257c.dir/build.make:97: recipe for target 'cmTC_e257c' failed
make[1]: *** [cmTC_e257c] Error 1
make[1]: Leaving directory '/home/lsy/catkin_ws/build/hector_map_tools/CMakeFiles/CMakeTmp'
Makefile:126: recipe for target 'cmTC_e257c/fast' failed
make: *** [cmTC_e257c/fast] Error 2


