Determining if the pthread_create exist failed with the following output:
Change Dir: /home/lsy/catkin_ws/build/wheeltec_robot_urdf/CMakeFiles/CMakeTmp

Run Build Command:"/usr/bin/make" "cmTC_fd37a/fast"
/usr/bin/make -f CMakeFiles/cmTC_fd37a.dir/build.make CMakeFiles/cmTC_fd37a.dir/build
make[1]: Entering directory '/home/lsy/catkin_ws/build/wheeltec_robot_urdf/CMakeFiles/CMakeTmp'
Building C object CMakeFiles/cmTC_fd37a.dir/CheckSymbolExists.c.o
/usr/bin/cc    -o CMakeFiles/cmTC_fd37a.dir/CheckSymbolExists.c.o   -c /home/lsy/catkin_ws/build/wheeltec_robot_urdf/CMakeFiles/CMakeTmp/CheckSymbolExists.c
Linking C executable cmTC_fd37a
/usr/bin/cmake -E cmake_link_script CMakeFiles/cmTC_fd37a.dir/link.txt --verbose=1
/usr/bin/cc      -rdynamic CMakeFiles/cmTC_fd37a.dir/CheckSymbolExists.c.o  -o cmTC_fd37a 
CMakeFiles/cmTC_fd37a.dir/CheckSymbolExists.c.o: In function `main':
CheckSymbolExists.c:(.text+0x1b): undefined reference to `pthread_create'
collect2: error: ld returned 1 exit status
CMakeFiles/cmTC_fd37a.dir/build.make:97: recipe for target 'cmTC_fd37a' failed
make[1]: *** [cmTC_fd37a] Error 1
make[1]: Leaving directory '/home/lsy/catkin_ws/build/wheeltec_robot_urdf/CMakeFiles/CMakeTmp'
Makefile:126: recipe for target 'cmTC_fd37a/fast' failed
make: *** [cmTC_fd37a/fast] Error 2

File /home/lsy/catkin_ws/build/wheeltec_robot_urdf/CMakeFiles/CMakeTmp/CheckSymbolExists.c:
/* */
#include <pthread.h>

int main(int argc, char** argv)
{
  (void)argv;
#ifndef pthread_create
  return ((int*)(&pthread_create))[argc];
#else
  (void)argc;
  return 0;
#endif
}

Determining if the function pthread_create exists in the pthreads failed with the following output:
Change Dir: /home/lsy/catkin_ws/build/wheeltec_robot_urdf/CMakeFiles/CMakeTmp

Run Build Command:"/usr/bin/make" "cmTC_ec185/fast"
/usr/bin/make -f CMakeFiles/cmTC_ec185.dir/build.make CMakeFiles/cmTC_ec185.dir/build
make[1]: Entering directory '/home/lsy/catkin_ws/build/wheeltec_robot_urdf/CMakeFiles/CMakeTmp'
Building C object CMakeFiles/cmTC_ec185.dir/CheckFunctionExists.c.o
/usr/bin/cc   -DCHECK_FUNCTION_EXISTS=pthread_create   -o CMakeFiles/cmTC_ec185.dir/CheckFunctionExists.c.o   -c /usr/share/cmake-3.10/Modules/CheckFunctionExists.c
Linking C executable cmTC_ec185
/usr/bin/cmake -E cmake_link_script CMakeFiles/cmTC_ec185.dir/link.txt --verbose=1
/usr/bin/cc  -DCHECK_FUNCTION_EXISTS=pthread_create    -rdynamic CMakeFiles/cmTC_ec185.dir/CheckFunctionExists.c.o  -o cmTC_ec185 -lpthreads 
/usr/bin/ld: cannot find -lpthreads
collect2: error: ld returned 1 exit status
CMakeFiles/cmTC_ec185.dir/build.make:97: recipe for target 'cmTC_ec185' failed
make[1]: *** [cmTC_ec185] Error 1
make[1]: Leaving directory '/home/lsy/catkin_ws/build/wheeltec_robot_urdf/CMakeFiles/CMakeTmp'
Makefile:126: recipe for target 'cmTC_ec185/fast' failed
make: *** [cmTC_ec185/fast] Error 2


