Determining if the pthread_create exist failed with the following output:
Change Dir: /home/lsy/catkin_ws/build/hector_imu_attitude_to_tf/CMakeFiles/CMakeTmp

Run Build Command:"/usr/bin/make" "cmTC_98cfe/fast"
/usr/bin/make -f CMakeFiles/cmTC_98cfe.dir/build.make CMakeFiles/cmTC_98cfe.dir/build
make[1]: Entering directory '/home/lsy/catkin_ws/build/hector_imu_attitude_to_tf/CMakeFiles/CMakeTmp'
Building C object CMakeFiles/cmTC_98cfe.dir/CheckSymbolExists.c.o
/usr/bin/cc    -o CMakeFiles/cmTC_98cfe.dir/CheckSymbolExists.c.o   -c /home/lsy/catkin_ws/build/hector_imu_attitude_to_tf/CMakeFiles/CMakeTmp/CheckSymbolExists.c
Linking C executable cmTC_98cfe
/usr/bin/cmake -E cmake_link_script CMakeFiles/cmTC_98cfe.dir/link.txt --verbose=1
/usr/bin/cc      -rdynamic CMakeFiles/cmTC_98cfe.dir/CheckSymbolExists.c.o  -o cmTC_98cfe 
CMakeFiles/cmTC_98cfe.dir/CheckSymbolExists.c.o: In function `main':
CheckSymbolExists.c:(.text+0x1b): undefined reference to `pthread_create'
collect2: error: ld returned 1 exit status
CMakeFiles/cmTC_98cfe.dir/build.make:97: recipe for target 'cmTC_98cfe' failed
make[1]: *** [cmTC_98cfe] Error 1
make[1]: Leaving directory '/home/lsy/catkin_ws/build/hector_imu_attitude_to_tf/CMakeFiles/CMakeTmp'
Makefile:126: recipe for target 'cmTC_98cfe/fast' failed
make: *** [cmTC_98cfe/fast] Error 2

File /home/lsy/catkin_ws/build/hector_imu_attitude_to_tf/CMakeFiles/CMakeTmp/CheckSymbolExists.c:
/* */
#include <pthread.h>

int main(int argc, char** argv)
{
  (void)argv;
#ifndef pthread_create
  return ((int*)(&pthread_create))[argc];
#else
  (void)argc;
  return 0;
#endif
}

Determining if the function pthread_create exists in the pthreads failed with the following output:
Change Dir: /home/lsy/catkin_ws/build/hector_imu_attitude_to_tf/CMakeFiles/CMakeTmp

Run Build Command:"/usr/bin/make" "cmTC_6761b/fast"
/usr/bin/make -f CMakeFiles/cmTC_6761b.dir/build.make CMakeFiles/cmTC_6761b.dir/build
make[1]: Entering directory '/home/lsy/catkin_ws/build/hector_imu_attitude_to_tf/CMakeFiles/CMakeTmp'
Building C object CMakeFiles/cmTC_6761b.dir/CheckFunctionExists.c.o
/usr/bin/cc   -DCHECK_FUNCTION_EXISTS=pthread_create   -o CMakeFiles/cmTC_6761b.dir/CheckFunctionExists.c.o   -c /usr/share/cmake-3.10/Modules/CheckFunctionExists.c
Linking C executable cmTC_6761b
/usr/bin/cmake -E cmake_link_script CMakeFiles/cmTC_6761b.dir/link.txt --verbose=1
/usr/bin/cc  -DCHECK_FUNCTION_EXISTS=pthread_create    -rdynamic CMakeFiles/cmTC_6761b.dir/CheckFunctionExists.c.o  -o cmTC_6761b -lpthreads 
/usr/bin/ld: cannot find -lpthreads
collect2: error: ld returned 1 exit status
CMakeFiles/cmTC_6761b.dir/build.make:97: recipe for target 'cmTC_6761b' failed
make[1]: *** [cmTC_6761b] Error 1
make[1]: Leaving directory '/home/lsy/catkin_ws/build/hector_imu_attitude_to_tf/CMakeFiles/CMakeTmp'
Makefile:126: recipe for target 'cmTC_6761b/fast' failed
make: *** [cmTC_6761b/fast] Error 2


