Determining if the pthread_create exist failed with the following output:
Change Dir: /home/lsy/catkin_ws/build/kcf_track/CMakeFiles/CMakeTmp

Run Build Command:"/usr/bin/make" "cmTC_7f961/fast"
/usr/bin/make -f CMakeFiles/cmTC_7f961.dir/build.make CMakeFiles/cmTC_7f961.dir/build
make[1]: Entering directory '/home/lsy/catkin_ws/build/kcf_track/CMakeFiles/CMakeTmp'
Building C object CMakeFiles/cmTC_7f961.dir/CheckSymbolExists.c.o
/usr/bin/cc    -o CMakeFiles/cmTC_7f961.dir/CheckSymbolExists.c.o   -c /home/lsy/catkin_ws/build/kcf_track/CMakeFiles/CMakeTmp/CheckSymbolExists.c
Linking C executable cmTC_7f961
/usr/bin/cmake -E cmake_link_script CMakeFiles/cmTC_7f961.dir/link.txt --verbose=1
/usr/bin/cc      -rdynamic CMakeFiles/cmTC_7f961.dir/CheckSymbolExists.c.o  -o cmTC_7f961 
CMakeFiles/cmTC_7f961.dir/CheckSymbolExists.c.o: In function `main':
CheckSymbolExists.c:(.text+0x1b): undefined reference to `pthread_create'
collect2: error: ld returned 1 exit status
CMakeFiles/cmTC_7f961.dir/build.make:97: recipe for target 'cmTC_7f961' failed
make[1]: *** [cmTC_7f961] Error 1
make[1]: Leaving directory '/home/lsy/catkin_ws/build/kcf_track/CMakeFiles/CMakeTmp'
Makefile:126: recipe for target 'cmTC_7f961/fast' failed
make: *** [cmTC_7f961/fast] Error 2

File /home/lsy/catkin_ws/build/kcf_track/CMakeFiles/CMakeTmp/CheckSymbolExists.c:
/* */
#include <pthread.h>

int main(int argc, char** argv)
{
  (void)argv;
#ifndef pthread_create
  return ((int*)(&pthread_create))[argc];
#else
  (void)argc;
  return 0;
#endif
}

Determining if the function pthread_create exists in the pthreads failed with the following output:
Change Dir: /home/lsy/catkin_ws/build/kcf_track/CMakeFiles/CMakeTmp

Run Build Command:"/usr/bin/make" "cmTC_3e10d/fast"
/usr/bin/make -f CMakeFiles/cmTC_3e10d.dir/build.make CMakeFiles/cmTC_3e10d.dir/build
make[1]: Entering directory '/home/lsy/catkin_ws/build/kcf_track/CMakeFiles/CMakeTmp'
Building C object CMakeFiles/cmTC_3e10d.dir/CheckFunctionExists.c.o
/usr/bin/cc   -DCHECK_FUNCTION_EXISTS=pthread_create   -o CMakeFiles/cmTC_3e10d.dir/CheckFunctionExists.c.o   -c /usr/share/cmake-3.10/Modules/CheckFunctionExists.c
Linking C executable cmTC_3e10d
/usr/bin/cmake -E cmake_link_script CMakeFiles/cmTC_3e10d.dir/link.txt --verbose=1
/usr/bin/cc  -DCHECK_FUNCTION_EXISTS=pthread_create    -rdynamic CMakeFiles/cmTC_3e10d.dir/CheckFunctionExists.c.o  -o cmTC_3e10d -lpthreads 
/usr/bin/ld: cannot find -lpthreads
collect2: error: ld returned 1 exit status
CMakeFiles/cmTC_3e10d.dir/build.make:97: recipe for target 'cmTC_3e10d' failed
make[1]: *** [cmTC_3e10d] Error 1
make[1]: Leaving directory '/home/lsy/catkin_ws/build/kcf_track/CMakeFiles/CMakeTmp'
Makefile:126: recipe for target 'cmTC_3e10d/fast' failed
make: *** [cmTC_3e10d/fast] Error 2


