Determining if the pthread_create exist failed with the following output:
Change Dir: /home/lsy/catkin_ws/build/tf_demo/CMakeFiles/CMakeTmp

Run Build Command:"/usr/bin/make" "cmTC_2f5ee/fast"
/usr/bin/make -f CMakeFiles/cmTC_2f5ee.dir/build.make CMakeFiles/cmTC_2f5ee.dir/build
make[1]: Entering directory '/home/lsy/catkin_ws/build/tf_demo/CMakeFiles/CMakeTmp'
Building C object CMakeFiles/cmTC_2f5ee.dir/CheckSymbolExists.c.o
/usr/bin/cc    -o CMakeFiles/cmTC_2f5ee.dir/CheckSymbolExists.c.o   -c /home/lsy/catkin_ws/build/tf_demo/CMakeFiles/CMakeTmp/CheckSymbolExists.c
Linking C executable cmTC_2f5ee
/usr/bin/cmake -E cmake_link_script CMakeFiles/cmTC_2f5ee.dir/link.txt --verbose=1
/usr/bin/cc      -rdynamic CMakeFiles/cmTC_2f5ee.dir/CheckSymbolExists.c.o  -o cmTC_2f5ee 
CMakeFiles/cmTC_2f5ee.dir/CheckSymbolExists.c.o: In function `main':
CheckSymbolExists.c:(.text+0x1b): undefined reference to `pthread_create'
collect2: error: ld returned 1 exit status
CMakeFiles/cmTC_2f5ee.dir/build.make:97: recipe for target 'cmTC_2f5ee' failed
make[1]: *** [cmTC_2f5ee] Error 1
make[1]: Leaving directory '/home/lsy/catkin_ws/build/tf_demo/CMakeFiles/CMakeTmp'
Makefile:126: recipe for target 'cmTC_2f5ee/fast' failed
make: *** [cmTC_2f5ee/fast] Error 2

File /home/lsy/catkin_ws/build/tf_demo/CMakeFiles/CMakeTmp/CheckSymbolExists.c:
/* */
#include <pthread.h>

int main(int argc, char** argv)
{
  (void)argv;
#ifndef pthread_create
  return ((int*)(&pthread_create))[argc];
#else
  (void)argc;
  return 0;
#endif
}

Determining if the function pthread_create exists in the pthreads failed with the following output:
Change Dir: /home/lsy/catkin_ws/build/tf_demo/CMakeFiles/CMakeTmp

Run Build Command:"/usr/bin/make" "cmTC_e2b86/fast"
/usr/bin/make -f CMakeFiles/cmTC_e2b86.dir/build.make CMakeFiles/cmTC_e2b86.dir/build
make[1]: Entering directory '/home/lsy/catkin_ws/build/tf_demo/CMakeFiles/CMakeTmp'
Building C object CMakeFiles/cmTC_e2b86.dir/CheckFunctionExists.c.o
/usr/bin/cc   -DCHECK_FUNCTION_EXISTS=pthread_create   -o CMakeFiles/cmTC_e2b86.dir/CheckFunctionExists.c.o   -c /usr/share/cmake-3.10/Modules/CheckFunctionExists.c
Linking C executable cmTC_e2b86
/usr/bin/cmake -E cmake_link_script CMakeFiles/cmTC_e2b86.dir/link.txt --verbose=1
/usr/bin/cc  -DCHECK_FUNCTION_EXISTS=pthread_create    -rdynamic CMakeFiles/cmTC_e2b86.dir/CheckFunctionExists.c.o  -o cmTC_e2b86 -lpthreads 
/usr/bin/ld: cannot find -lpthreads
collect2: error: ld returned 1 exit status
CMakeFiles/cmTC_e2b86.dir/build.make:97: recipe for target 'cmTC_e2b86' failed
make[1]: *** [cmTC_e2b86] Error 1
make[1]: Leaving directory '/home/lsy/catkin_ws/build/tf_demo/CMakeFiles/CMakeTmp'
Makefile:126: recipe for target 'cmTC_e2b86/fast' failed
make: *** [cmTC_e2b86/fast] Error 2


