Determining if the pthread_create exist failed with the following output:
Change Dir: /home/lsy/catkin_ws/build/topic_demo/CMakeFiles/CMakeTmp

Run Build Command:"/usr/bin/make" "cmTC_c055a/fast"
/usr/bin/make -f CMakeFiles/cmTC_c055a.dir/build.make CMakeFiles/cmTC_c055a.dir/build
make[1]: Entering directory '/home/lsy/catkin_ws/build/topic_demo/CMakeFiles/CMakeTmp'
Building C object CMakeFiles/cmTC_c055a.dir/CheckSymbolExists.c.o
/usr/bin/cc    -o CMakeFiles/cmTC_c055a.dir/CheckSymbolExists.c.o   -c /home/lsy/catkin_ws/build/topic_demo/CMakeFiles/CMakeTmp/CheckSymbolExists.c
Linking C executable cmTC_c055a
/usr/bin/cmake -E cmake_link_script CMakeFiles/cmTC_c055a.dir/link.txt --verbose=1
/usr/bin/cc      -rdynamic CMakeFiles/cmTC_c055a.dir/CheckSymbolExists.c.o  -o cmTC_c055a 
CMakeFiles/cmTC_c055a.dir/CheckSymbolExists.c.o: In function `main':
CheckSymbolExists.c:(.text+0x1b): undefined reference to `pthread_create'
collect2: error: ld returned 1 exit status
CMakeFiles/cmTC_c055a.dir/build.make:97: recipe for target 'cmTC_c055a' failed
make[1]: *** [cmTC_c055a] Error 1
make[1]: Leaving directory '/home/lsy/catkin_ws/build/topic_demo/CMakeFiles/CMakeTmp'
Makefile:126: recipe for target 'cmTC_c055a/fast' failed
make: *** [cmTC_c055a/fast] Error 2

File /home/lsy/catkin_ws/build/topic_demo/CMakeFiles/CMakeTmp/CheckSymbolExists.c:
/* */
#include <pthread.h>

int main(int argc, char** argv)
{
  (void)argv;
#ifndef pthread_create
  return ((int*)(&pthread_create))[argc];
#else
  (void)argc;
  return 0;
#endif
}

Determining if the function pthread_create exists in the pthreads failed with the following output:
Change Dir: /home/lsy/catkin_ws/build/topic_demo/CMakeFiles/CMakeTmp

Run Build Command:"/usr/bin/make" "cmTC_1ca32/fast"
/usr/bin/make -f CMakeFiles/cmTC_1ca32.dir/build.make CMakeFiles/cmTC_1ca32.dir/build
make[1]: Entering directory '/home/lsy/catkin_ws/build/topic_demo/CMakeFiles/CMakeTmp'
Building C object CMakeFiles/cmTC_1ca32.dir/CheckFunctionExists.c.o
/usr/bin/cc   -DCHECK_FUNCTION_EXISTS=pthread_create   -o CMakeFiles/cmTC_1ca32.dir/CheckFunctionExists.c.o   -c /usr/share/cmake-3.10/Modules/CheckFunctionExists.c
Linking C executable cmTC_1ca32
/usr/bin/cmake -E cmake_link_script CMakeFiles/cmTC_1ca32.dir/link.txt --verbose=1
/usr/bin/cc  -DCHECK_FUNCTION_EXISTS=pthread_create    -rdynamic CMakeFiles/cmTC_1ca32.dir/CheckFunctionExists.c.o  -o cmTC_1ca32 -lpthreads 
/usr/bin/ld: cannot find -lpthreads
collect2: error: ld returned 1 exit status
CMakeFiles/cmTC_1ca32.dir/build.make:97: recipe for target 'cmTC_1ca32' failed
make[1]: *** [cmTC_1ca32] Error 1
make[1]: Leaving directory '/home/lsy/catkin_ws/build/topic_demo/CMakeFiles/CMakeTmp'
Makefile:126: recipe for target 'cmTC_1ca32/fast' failed
make: *** [cmTC_1ca32/fast] Error 2


