Determining if the pthread_create exist failed with the following output:
Change Dir: /home/lsy/catkin_ws/build/move_slow_and_clear/CMakeFiles/CMakeTmp

Run Build Command:"/usr/bin/make" "cmTC_9c649/fast"
/usr/bin/make -f CMakeFiles/cmTC_9c649.dir/build.make CMakeFiles/cmTC_9c649.dir/build
make[1]: Entering directory '/home/lsy/catkin_ws/build/move_slow_and_clear/CMakeFiles/CMakeTmp'
Building C object CMakeFiles/cmTC_9c649.dir/CheckSymbolExists.c.o
/usr/bin/cc    -o CMakeFiles/cmTC_9c649.dir/CheckSymbolExists.c.o   -c /home/lsy/catkin_ws/build/move_slow_and_clear/CMakeFiles/CMakeTmp/CheckSymbolExists.c
Linking C executable cmTC_9c649
/usr/bin/cmake -E cmake_link_script CMakeFiles/cmTC_9c649.dir/link.txt --verbose=1
/usr/bin/cc      -rdynamic CMakeFiles/cmTC_9c649.dir/CheckSymbolExists.c.o  -o cmTC_9c649 
CMakeFiles/cmTC_9c649.dir/CheckSymbolExists.c.o: In function `main':
CheckSymbolExists.c:(.text+0x1b): undefined reference to `pthread_create'
collect2: error: ld returned 1 exit status
CMakeFiles/cmTC_9c649.dir/build.make:97: recipe for target 'cmTC_9c649' failed
make[1]: *** [cmTC_9c649] Error 1
make[1]: Leaving directory '/home/lsy/catkin_ws/build/move_slow_and_clear/CMakeFiles/CMakeTmp'
Makefile:126: recipe for target 'cmTC_9c649/fast' failed
make: *** [cmTC_9c649/fast] Error 2

File /home/lsy/catkin_ws/build/move_slow_and_clear/CMakeFiles/CMakeTmp/CheckSymbolExists.c:
/* */
#include <pthread.h>

int main(int argc, char** argv)
{
  (void)argv;
#ifndef pthread_create
  return ((int*)(&pthread_create))[argc];
#else
  (void)argc;
  return 0;
#endif
}

Determining if the function pthread_create exists in the pthreads failed with the following output:
Change Dir: /home/lsy/catkin_ws/build/move_slow_and_clear/CMakeFiles/CMakeTmp

Run Build Command:"/usr/bin/make" "cmTC_fffe1/fast"
/usr/bin/make -f CMakeFiles/cmTC_fffe1.dir/build.make CMakeFiles/cmTC_fffe1.dir/build
make[1]: Entering directory '/home/lsy/catkin_ws/build/move_slow_and_clear/CMakeFiles/CMakeTmp'
Building C object CMakeFiles/cmTC_fffe1.dir/CheckFunctionExists.c.o
/usr/bin/cc   -DCHECK_FUNCTION_EXISTS=pthread_create   -o CMakeFiles/cmTC_fffe1.dir/CheckFunctionExists.c.o   -c /usr/share/cmake-3.10/Modules/CheckFunctionExists.c
Linking C executable cmTC_fffe1
/usr/bin/cmake -E cmake_link_script CMakeFiles/cmTC_fffe1.dir/link.txt --verbose=1
/usr/bin/cc  -DCHECK_FUNCTION_EXISTS=pthread_create    -rdynamic CMakeFiles/cmTC_fffe1.dir/CheckFunctionExists.c.o  -o cmTC_fffe1 -lpthreads 
/usr/bin/ld: cannot find -lpthreads
collect2: error: ld returned 1 exit status
CMakeFiles/cmTC_fffe1.dir/build.make:97: recipe for target 'cmTC_fffe1' failed
make[1]: *** [cmTC_fffe1] Error 1
make[1]: Leaving directory '/home/lsy/catkin_ws/build/move_slow_and_clear/CMakeFiles/CMakeTmp'
Makefile:126: recipe for target 'cmTC_fffe1/fast' failed
make: *** [cmTC_fffe1/fast] Error 2


