Not searching for unused variables given on the command line.
-- The C compiler identification is GNU 7.5.0
-- The CXX compiler identification is GNU 7.5.0
-- Check for working C compiler: /usr/bin/cc
-- Check for working C compiler: /usr/bin/cc -- works
-- Detecting C compiler ABI info
-- Detecting C compiler ABI info - done
-- Detecting C compile features
-- Detecting C compile features - done
-- Check for working CXX compiler: /usr/bin/c++
-- Check for working CXX compiler: /usr/bin/c++ -- works
-- Detecting CXX compiler ABI info
-- Detecting CXX compiler ABI info - done
-- Detecting CXX compile features
-- Detecting CXX compile features - done
-- Found PkgConfig: /usr/bin/pkg-config (found version "0.29.1")
-- Checking for module 'orocos-bfl'
--   No package 'orocos-bfl' found
CMake Error at /usr/share/cmake-3.10/Modules/FindPkgConfig.cmake:415 (message):
  A required package was not found
Call Stack (most recent call first):
  /usr/share/cmake-3.10/Modules/FindPkgConfig.cmake:593 (_pkg_check_modules_internal)
  CMakeLists.txt:6 (pkg_check_modules)


-- Configuring incomplete, errors occurred!
See also "/home/lsy/catkin_ws/build/robot_pose_ekf/CMakeFiles/CMakeOutput.log".
