Not searching for unused variables given on the command line.
-- Checking for module 'orocos-bfl'
--   Found orocos-bfl, version 0.8.0
-- Using CATKIN_DEVEL_PREFIX: /home/lsy/catkin_ws/devel
-- Using CMAKE_PREFIX_PATH: /home/lsy/catkin_ws/devel;/opt/ros/melodic
-- This workspace overlays: /home/lsy/catkin_ws/devel;/opt/ros/melodic
-- Found PythonInterp: /usr/bin/python2 (found suitable version "2.7.17", minimum required is "2")
-- Using PYTHON_EXECUTABLE: /usr/bin/python2
-- Using Debian Python package layout
-- Using empy: /usr/bin/empy
-- Using CATKIN_ENABLE_TESTING: ON
-- Call enable_testing()
-- Using CATKIN_TEST_RESULTS_DIR: /home/lsy/catkin_ws/build/robot_pose_ekf/test_results
-- Found gtest sources under '/usr/src/googletest': gtests will be built
-- Found gmock sources under '/usr/src/googletest': gmock will be built
-- Found PythonInterp: /usr/bin/python2 (found version "2.7.17")
-- Looking for pthread.h
-- Looking for pthread.h - found
-- Looking for pthread_create
-- Looking for pthread_create - not found
-- Looking for pthread_create in pthreads
-- Looking for pthread_create in pthreads - not found
-- Looking for pthread_create in pthread
-- Looking for pthread_create in pthread - found
-- Found Threads: TRUE
-- Using Python nosetests: /usr/bin/nosetests-2.7
-- catkin 0.7.29
-- BUILD_SHARED_LIBS is on
-- Using these message generators: gencpp;geneus;genlisp;gennodejs;genpy
-- Boost version: 1.65.1
-- Found the following Boost libraries:
--   thread
--   chrono
--   system
--   date_time
--   atomic
-- robot_pose_ekf: 0 messages, 1 services
-- Configuring done
-- Generating done
-- Build files have been written to: /home/lsy/catkin_ws/build/robot_pose_ekf
