Determining if the pthread_create exist failed with the following output:
Change Dir: /home/lsy/catkin_ws/build/hector_imu_tools/CMakeFiles/CMakeTmp

Run Build Command:"/usr/bin/make" "cmTC_b830e/fast"
/usr/bin/make -f CMakeFiles/cmTC_b830e.dir/build.make CMakeFiles/cmTC_b830e.dir/build
make[1]: Entering directory '/home/lsy/catkin_ws/build/hector_imu_tools/CMakeFiles/CMakeTmp'
Building C object CMakeFiles/cmTC_b830e.dir/CheckSymbolExists.c.o
/usr/bin/cc    -o CMakeFiles/cmTC_b830e.dir/CheckSymbolExists.c.o   -c /home/lsy/catkin_ws/build/hector_imu_tools/CMakeFiles/CMakeTmp/CheckSymbolExists.c
Linking C executable cmTC_b830e
/usr/bin/cmake -E cmake_link_script CMakeFiles/cmTC_b830e.dir/link.txt --verbose=1
/usr/bin/cc      -rdynamic CMakeFiles/cmTC_b830e.dir/CheckSymbolExists.c.o  -o cmTC_b830e 
CMakeFiles/cmTC_b830e.dir/CheckSymbolExists.c.o: In function `main':
CheckSymbolExists.c:(.text+0x1b): undefined reference to `pthread_create'
collect2: error: ld returned 1 exit status
CMakeFiles/cmTC_b830e.dir/build.make:97: recipe for target 'cmTC_b830e' failed
make[1]: *** [cmTC_b830e] Error 1
make[1]: Leaving directory '/home/lsy/catkin_ws/build/hector_imu_tools/CMakeFiles/CMakeTmp'
Makefile:126: recipe for target 'cmTC_b830e/fast' failed
make: *** [cmTC_b830e/fast] Error 2

File /home/lsy/catkin_ws/build/hector_imu_tools/CMakeFiles/CMakeTmp/CheckSymbolExists.c:
/* */
#include <pthread.h>

int main(int argc, char** argv)
{
  (void)argv;
#ifndef pthread_create
  return ((int*)(&pthread_create))[argc];
#else
  (void)argc;
  return 0;
#endif
}

Determining if the function pthread_create exists in the pthreads failed with the following output:
Change Dir: /home/lsy/catkin_ws/build/hector_imu_tools/CMakeFiles/CMakeTmp

Run Build Command:"/usr/bin/make" "cmTC_cea77/fast"
/usr/bin/make -f CMakeFiles/cmTC_cea77.dir/build.make CMakeFiles/cmTC_cea77.dir/build
make[1]: Entering directory '/home/lsy/catkin_ws/build/hector_imu_tools/CMakeFiles/CMakeTmp'
Building C object CMakeFiles/cmTC_cea77.dir/CheckFunctionExists.c.o
/usr/bin/cc   -DCHECK_FUNCTION_EXISTS=pthread_create   -o CMakeFiles/cmTC_cea77.dir/CheckFunctionExists.c.o   -c /usr/share/cmake-3.10/Modules/CheckFunctionExists.c
Linking C executable cmTC_cea77
/usr/bin/cmake -E cmake_link_script CMakeFiles/cmTC_cea77.dir/link.txt --verbose=1
/usr/bin/cc  -DCHECK_FUNCTION_EXISTS=pthread_create    -rdynamic CMakeFiles/cmTC_cea77.dir/CheckFunctionExists.c.o  -o cmTC_cea77 -lpthreads 
/usr/bin/ld: cannot find -lpthreads
collect2: error: ld returned 1 exit status
CMakeFiles/cmTC_cea77.dir/build.make:97: recipe for target 'cmTC_cea77' failed
make[1]: *** [cmTC_cea77] Error 1
make[1]: Leaving directory '/home/lsy/catkin_ws/build/hector_imu_tools/CMakeFiles/CMakeTmp'
Makefile:126: recipe for target 'cmTC_cea77/fast' failed
make: *** [cmTC_cea77/fast] Error 2


