Determining if the pthread_create exist failed with the following output:
Change Dir: /home/lsy/catkin_ws/build/robot_urdf_lsy/CMakeFiles/CMakeTmp

Run Build Command:"/usr/bin/make" "cmTC_23976/fast"
/usr/bin/make -f CMakeFiles/cmTC_23976.dir/build.make CMakeFiles/cmTC_23976.dir/build
make[1]: Entering directory '/home/lsy/catkin_ws/build/robot_urdf_lsy/CMakeFiles/CMakeTmp'
Building C object CMakeFiles/cmTC_23976.dir/CheckSymbolExists.c.o
/usr/bin/cc    -o CMakeFiles/cmTC_23976.dir/CheckSymbolExists.c.o   -c /home/lsy/catkin_ws/build/robot_urdf_lsy/CMakeFiles/CMakeTmp/CheckSymbolExists.c
Linking C executable cmTC_23976
/usr/bin/cmake -E cmake_link_script CMakeFiles/cmTC_23976.dir/link.txt --verbose=1
/usr/bin/cc      -rdynamic CMakeFiles/cmTC_23976.dir/CheckSymbolExists.c.o  -o cmTC_23976 
CMakeFiles/cmTC_23976.dir/CheckSymbolExists.c.o: In function `main':
CheckSymbolExists.c:(.text+0x1b): undefined reference to `pthread_create'
collect2: error: ld returned 1 exit status
CMakeFiles/cmTC_23976.dir/build.make:97: recipe for target 'cmTC_23976' failed
make[1]: *** [cmTC_23976] Error 1
make[1]: Leaving directory '/home/lsy/catkin_ws/build/robot_urdf_lsy/CMakeFiles/CMakeTmp'
Makefile:126: recipe for target 'cmTC_23976/fast' failed
make: *** [cmTC_23976/fast] Error 2

File /home/lsy/catkin_ws/build/robot_urdf_lsy/CMakeFiles/CMakeTmp/CheckSymbolExists.c:
/* */
#include <pthread.h>

int main(int argc, char** argv)
{
  (void)argv;
#ifndef pthread_create
  return ((int*)(&pthread_create))[argc];
#else
  (void)argc;
  return 0;
#endif
}

Determining if the function pthread_create exists in the pthreads failed with the following output:
Change Dir: /home/lsy/catkin_ws/build/robot_urdf_lsy/CMakeFiles/CMakeTmp

Run Build Command:"/usr/bin/make" "cmTC_b7b0d/fast"
/usr/bin/make -f CMakeFiles/cmTC_b7b0d.dir/build.make CMakeFiles/cmTC_b7b0d.dir/build
make[1]: Entering directory '/home/lsy/catkin_ws/build/robot_urdf_lsy/CMakeFiles/CMakeTmp'
Building C object CMakeFiles/cmTC_b7b0d.dir/CheckFunctionExists.c.o
/usr/bin/cc   -DCHECK_FUNCTION_EXISTS=pthread_create   -o CMakeFiles/cmTC_b7b0d.dir/CheckFunctionExists.c.o   -c /usr/share/cmake-3.10/Modules/CheckFunctionExists.c
Linking C executable cmTC_b7b0d
/usr/bin/cmake -E cmake_link_script CMakeFiles/cmTC_b7b0d.dir/link.txt --verbose=1
/usr/bin/cc  -DCHECK_FUNCTION_EXISTS=pthread_create    -rdynamic CMakeFiles/cmTC_b7b0d.dir/CheckFunctionExists.c.o  -o cmTC_b7b0d -lpthreads 
/usr/bin/ld: cannot find -lpthreads
collect2: error: ld returned 1 exit status
CMakeFiles/cmTC_b7b0d.dir/build.make:97: recipe for target 'cmTC_b7b0d' failed
make[1]: *** [cmTC_b7b0d] Error 1
make[1]: Leaving directory '/home/lsy/catkin_ws/build/robot_urdf_lsy/CMakeFiles/CMakeTmp'
Makefile:126: recipe for target 'cmTC_b7b0d/fast' failed
make: *** [cmTC_b7b0d/fast] Error 2


