[  0%] Built target geometry_msgs_generate_messages_lisp
[  0%] Built target sensor_msgs_generate_messages_lisp
[ 18%] Built target obs_avo
[ 36%] Built target avoidance
[ 36%] Built target std_msgs_generate_messages_lisp
[ 36%] Built target _simple_follower_generate_messages_check_deps_position
[ 36%] Built target sensor_msgs_generate_messages_cpp
[ 36%] Built target geometry_msgs_generate_messages_py
[ 36%] Built target std_msgs_generate_messages_cpp
[ 36%] Built target sensor_msgs_generate_messages_py
[ 36%] Built target std_msgs_generate_messages_py
[ 36%] Built target std_msgs_generate_messages_eus
[ 36%] Built target geometry_msgs_generate_messages_nodejs
[ 36%] Built target sensor_msgs_generate_messages_nodejs
[ 36%] Built target geometry_msgs_generate_messages_cpp
[ 36%] Built target std_msgs_generate_messages_nodejs
[ 45%] Built target simple_follower_generate_messages_lisp
[ 45%] Built target sensor_msgs_generate_messages_eus
[ 45%] Built target geometry_msgs_generate_messages_eus
[ 54%] Built target simple_follower_generate_messages_nodejs
[ 72%] Built target simple_follower_generate_messages_py
[ 81%] Built target simple_follower_generate_messages_cpp
[100%] Built target simple_follower_generate_messages_eus
[100%] Built target simple_follower_generate_messages
