[  0%] Built target rosgraph_msgs_generate_messages_nodejs
[  0%] Built target roscpp_generate_messages_eus
[  0%] Built target rosgraph_msgs_generate_messages_py
[  0%] Built target rosgraph_msgs_generate_messages_lisp
[  0%] Built target std_msgs_generate_messages_eus
[  0%] Built target rosgraph_msgs_generate_messages_eus
[  0%] Built target roscpp_generate_messages_py
[  0%] Built target std_msgs_generate_messages_py
[  0%] Built target roscpp_generate_messages_lisp
[  0%] Built target _service_demo_generate_messages_check_deps_Greeting
[  0%] Built target std_msgs_generate_messages_lisp
[  0%] Built target std_msgs_generate_messages_cpp
[  0%] Built target roscpp_generate_messages_cpp
[  0%] Built target std_msgs_generate_messages_nodejs
[  0%] Built target roscpp_generate_messages_nodejs
[  9%] Built target service_demo_generate_messages_nodejs
[  9%] Built target rosgraph_msgs_generate_messages_cpp
[ 27%] Built target service_demo_generate_messages_eus
[ 45%] Built target service_demo_generate_messages_py
[ 54%] Built target service_demo_generate_messages_cpp
[ 63%] Built target service_demo_generate_messages_lisp
[ 63%] Built target service_demo_generate_messages
[ 81%] Built target server
[100%] Built target client
