Determining if the pthread_create exist failed with the following output:
Change Dir: /home/lsy/catkin_ws/build/gesture_teleop/CMakeFiles/CMakeTmp

Run Build Command:"/usr/bin/make" "cmTC_0b2fa/fast"
/usr/bin/make -f CMakeFiles/cmTC_0b2fa.dir/build.make CMakeFiles/cmTC_0b2fa.dir/build
make[1]: Entering directory '/home/lsy/catkin_ws/build/gesture_teleop/CMakeFiles/CMakeTmp'
Building C object CMakeFiles/cmTC_0b2fa.dir/CheckSymbolExists.c.o
/usr/bin/cc    -o CMakeFiles/cmTC_0b2fa.dir/CheckSymbolExists.c.o   -c /home/lsy/catkin_ws/build/gesture_teleop/CMakeFiles/CMakeTmp/CheckSymbolExists.c
Linking C executable cmTC_0b2fa
/usr/bin/cmake -E cmake_link_script CMakeFiles/cmTC_0b2fa.dir/link.txt --verbose=1
/usr/bin/cc      -rdynamic CMakeFiles/cmTC_0b2fa.dir/CheckSymbolExists.c.o  -o cmTC_0b2fa 
CMakeFiles/cmTC_0b2fa.dir/CheckSymbolExists.c.o: In function `main':
CheckSymbolExists.c:(.text+0x1b): undefined reference to `pthread_create'
collect2: error: ld returned 1 exit status
CMakeFiles/cmTC_0b2fa.dir/build.make:97: recipe for target 'cmTC_0b2fa' failed
make[1]: *** [cmTC_0b2fa] Error 1
make[1]: Leaving directory '/home/lsy/catkin_ws/build/gesture_teleop/CMakeFiles/CMakeTmp'
Makefile:126: recipe for target 'cmTC_0b2fa/fast' failed
make: *** [cmTC_0b2fa/fast] Error 2

File /home/lsy/catkin_ws/build/gesture_teleop/CMakeFiles/CMakeTmp/CheckSymbolExists.c:
/* */
#include <pthread.h>

int main(int argc, char** argv)
{
  (void)argv;
#ifndef pthread_create
  return ((int*)(&pthread_create))[argc];
#else
  (void)argc;
  return 0;
#endif
}

Determining if the function pthread_create exists in the pthreads failed with the following output:
Change Dir: /home/lsy/catkin_ws/build/gesture_teleop/CMakeFiles/CMakeTmp

Run Build Command:"/usr/bin/make" "cmTC_d15fd/fast"
/usr/bin/make -f CMakeFiles/cmTC_d15fd.dir/build.make CMakeFiles/cmTC_d15fd.dir/build
make[1]: Entering directory '/home/lsy/catkin_ws/build/gesture_teleop/CMakeFiles/CMakeTmp'
Building C object CMakeFiles/cmTC_d15fd.dir/CheckFunctionExists.c.o
/usr/bin/cc   -DCHECK_FUNCTION_EXISTS=pthread_create   -o CMakeFiles/cmTC_d15fd.dir/CheckFunctionExists.c.o   -c /usr/share/cmake-3.10/Modules/CheckFunctionExists.c
Linking C executable cmTC_d15fd
/usr/bin/cmake -E cmake_link_script CMakeFiles/cmTC_d15fd.dir/link.txt --verbose=1
/usr/bin/cc  -DCHECK_FUNCTION_EXISTS=pthread_create    -rdynamic CMakeFiles/cmTC_d15fd.dir/CheckFunctionExists.c.o  -o cmTC_d15fd -lpthreads 
/usr/bin/ld: cannot find -lpthreads
collect2: error: ld returned 1 exit status
CMakeFiles/cmTC_d15fd.dir/build.make:97: recipe for target 'cmTC_d15fd' failed
make[1]: *** [cmTC_d15fd] Error 1
make[1]: Leaving directory '/home/lsy/catkin_ws/build/gesture_teleop/CMakeFiles/CMakeTmp'
Makefile:126: recipe for target 'cmTC_d15fd/fast' failed
make: *** [cmTC_d15fd/fast] Error 2


