[  3%] Built target teb_local_planner_gencfg
[  3%] Built target _teb_local_planner_generate_messages_check_deps_FeedbackMsg
[  3%] Built target _teb_local_planner_generate_messages_check_deps_TrajectoryPointMsg
[  3%] Built target std_msgs_generate_messages_py
[  3%] Built target _teb_local_planner_generate_messages_check_deps_TrajectoryMsg
[  3%] Built target geometry_msgs_generate_messages_py
[  3%] Built target costmap_converter_generate_messages_py
[  3%] Built target std_msgs_generate_messages_eus
[  3%] Built target geometry_msgs_generate_messages_eus
[  3%] Built target costmap_converter_generate_messages_eus
[  3%] Built target costmap_converter_generate_messages_lisp
[  3%] Built target geometry_msgs_generate_messages_lisp
[  3%] Built target std_msgs_generate_messages_lisp
[  3%] Built target std_msgs_generate_messages_cpp
[  3%] Built target costmap_converter_generate_messages_cpp
[  3%] Built target costmap_converter_generate_messages_nodejs
[  3%] Built target geometry_msgs_generate_messages_cpp
[  3%] Built target std_msgs_generate_messages_nodejs
[  3%] Built target geometry_msgs_generate_messages_nodejs
[ 16%] Built target teb_local_planner_generate_messages_py
[ 30%] Built target teb_local_planner_generate_messages_eus
[ 40%] Built target teb_local_planner_generate_messages_lisp
[ 50%] Built target teb_local_planner_generate_messages_cpp
[ 60%] Built target teb_local_planner_generate_messages_nodejs
[ 93%] Built target teb_local_planner
[ 93%] Built target teb_local_planner_generate_messages
[100%] Built target test_optim_node
