[  0%] Built target _ros_tutorials_topic_generate_messages_check_deps_MsgTutorial
[  0%] Built target std_msgs_generate_messages_py
[  0%] Built target std_msgs_generate_messages_lisp
[  0%] Built target std_msgs_generate_messages_cpp
[  0%] Built target std_msgs_generate_messages_nodejs
[  0%] Built target std_msgs_generate_messages_eus
[  0%] Built target roscpp_generate_messages_nodejs
[  0%] Built target roscpp_generate_messages_py
[  0%] Built target roscpp_generate_messages_eus
[  0%] Built target roscpp_generate_messages_cpp
[  0%] Built target roscpp_generate_messages_lisp
[  0%] Built target rosgraph_msgs_generate_messages_nodejs
[  0%] Built target rosgraph_msgs_generate_messages_py
[  0%] Built target rosgraph_msgs_generate_messages_cpp
[  0%] Built target _catkin_empty_exported_target
[  0%] Built target rosgraph_msgs_generate_messages_eus
[  0%] Built target rosgraph_msgs_generate_messages_lisp
[ 18%] Built target ros_tutorials_topic_generate_messages_py
[ 27%] Built target ros_tutorials_topic_generate_messages_lisp
[ 36%] Built target ros_tutorials_topic_generate_messages_nodejs
[ 45%] Built target ros_tutorials_topic_generate_messages_cpp
[ 63%] Built target ros_tutorials_topic_generate_messages_eus
[ 63%] Built target ros_tutorials_topic_generate_messages
[ 81%] Built target topic_subscriber
[100%] Built target topic_publisher
