Determining if the pthread_create exist failed with the following output:
Change Dir: /home/lsy/catkin_ws/build/ddynamic_reconfigure/CMakeFiles/CMakeTmp

Run Build Command:"/usr/bin/make" "cmTC_abdb3/fast"
/usr/bin/make -f CMakeFiles/cmTC_abdb3.dir/build.make CMakeFiles/cmTC_abdb3.dir/build
make[1]: Entering directory '/home/lsy/catkin_ws/build/ddynamic_reconfigure/CMakeFiles/CMakeTmp'
Building C object CMakeFiles/cmTC_abdb3.dir/CheckSymbolExists.c.o
/usr/bin/cc    -o CMakeFiles/cmTC_abdb3.dir/CheckSymbolExists.c.o   -c /home/lsy/catkin_ws/build/ddynamic_reconfigure/CMakeFiles/CMakeTmp/CheckSymbolExists.c
Linking C executable cmTC_abdb3
/usr/bin/cmake -E cmake_link_script CMakeFiles/cmTC_abdb3.dir/link.txt --verbose=1
/usr/bin/cc      -rdynamic CMakeFiles/cmTC_abdb3.dir/CheckSymbolExists.c.o  -o cmTC_abdb3 
CMakeFiles/cmTC_abdb3.dir/CheckSymbolExists.c.o: In function `main':
CheckSymbolExists.c:(.text+0x1b): undefined reference to `pthread_create'
collect2: error: ld returned 1 exit status
CMakeFiles/cmTC_abdb3.dir/build.make:97: recipe for target 'cmTC_abdb3' failed
make[1]: *** [cmTC_abdb3] Error 1
make[1]: Leaving directory '/home/lsy/catkin_ws/build/ddynamic_reconfigure/CMakeFiles/CMakeTmp'
Makefile:126: recipe for target 'cmTC_abdb3/fast' failed
make: *** [cmTC_abdb3/fast] Error 2

File /home/lsy/catkin_ws/build/ddynamic_reconfigure/CMakeFiles/CMakeTmp/CheckSymbolExists.c:
/* */
#include <pthread.h>

int main(int argc, char** argv)
{
  (void)argv;
#ifndef pthread_create
  return ((int*)(&pthread_create))[argc];
#else
  (void)argc;
  return 0;
#endif
}

Determining if the function pthread_create exists in the pthreads failed with the following output:
Change Dir: /home/lsy/catkin_ws/build/ddynamic_reconfigure/CMakeFiles/CMakeTmp

Run Build Command:"/usr/bin/make" "cmTC_d92ab/fast"
/usr/bin/make -f CMakeFiles/cmTC_d92ab.dir/build.make CMakeFiles/cmTC_d92ab.dir/build
make[1]: Entering directory '/home/lsy/catkin_ws/build/ddynamic_reconfigure/CMakeFiles/CMakeTmp'
Building C object CMakeFiles/cmTC_d92ab.dir/CheckFunctionExists.c.o
/usr/bin/cc   -DCHECK_FUNCTION_EXISTS=pthread_create   -o CMakeFiles/cmTC_d92ab.dir/CheckFunctionExists.c.o   -c /usr/share/cmake-3.10/Modules/CheckFunctionExists.c
Linking C executable cmTC_d92ab
/usr/bin/cmake -E cmake_link_script CMakeFiles/cmTC_d92ab.dir/link.txt --verbose=1
/usr/bin/cc  -DCHECK_FUNCTION_EXISTS=pthread_create    -rdynamic CMakeFiles/cmTC_d92ab.dir/CheckFunctionExists.c.o  -o cmTC_d92ab -lpthreads 
/usr/bin/ld: cannot find -lpthreads
collect2: error: ld returned 1 exit status
CMakeFiles/cmTC_d92ab.dir/build.make:97: recipe for target 'cmTC_d92ab' failed
make[1]: *** [cmTC_d92ab] Error 1
make[1]: Leaving directory '/home/lsy/catkin_ws/build/ddynamic_reconfigure/CMakeFiles/CMakeTmp'
Makefile:126: recipe for target 'cmTC_d92ab/fast' failed
make: *** [cmTC_d92ab/fast] Error 2


