[  0%] Built target _ros_tutorials_service_generate_messages_check_deps_SrvTutorial
[  0%] Built target std_msgs_generate_messages_lisp
[  0%] Built target roscpp_generate_messages_py
[  0%] Built target roscpp_generate_messages_nodejs
[  0%] Built target roscpp_generate_messages_eus
[  0%] Built target roscpp_generate_messages_cpp
[  0%] Built target std_msgs_generate_messages_nodejs
[  0%] Built target roscpp_generate_messages_lisp
[  0%] Built target std_msgs_generate_messages_cpp
[  9%] Built target ros_tutorials_service_generate_messages_nodejs
[  9%] Built target rosgraph_msgs_generate_messages_nodejs
[  9%] Built target rosgraph_msgs_generate_messages_py
[  9%] Built target std_msgs_generate_messages_py
[  9%] Built target _catkin_empty_exported_target
[  9%] Built target rosgraph_msgs_generate_messages_cpp
[  9%] Built target rosgraph_msgs_generate_messages_eus
[  9%] Built target std_msgs_generate_messages_eus
[  9%] Built target rosgraph_msgs_generate_messages_lisp
[ 18%] Built target ros_tutorials_service_generate_messages_cpp
[ 36%] Built target ros_tutorials_service_generate_messages_eus
[ 54%] Built target ros_tutorials_service_generate_messages_py
[ 63%] Built target ros_tutorials_service_generate_messages_lisp
[ 81%] Built target service_client
[ 81%] Built target ros_tutorials_service_generate_messages
[100%] Built target service_server
