[  0%] Built target geometry_msgs_generate_messages_py
[  0%] Built target _action_demo_generate_messages_check_deps_LinewalkGoal
[  0%] Built target _action_demo_generate_messages_check_deps_LinewalkActionResult
[  0%] Built target _action_demo_generate_messages_check_deps_LinewalkAction
[  0%] Built target actionlib_msgs_generate_messages_py
[  0%] Built target _action_demo_generate_messages_check_deps_LinewalkResult
[  0%] Built target std_msgs_generate_messages_py
[  0%] Built target _action_demo_generate_messages_check_deps_LinewalkActionFeedback
[  0%] Built target _action_demo_generate_messages_check_deps_LinewalkActionGoal
[  0%] Built target _action_demo_generate_messages_check_deps_LinewalkFeedback
[  0%] Built target geometry_msgs_generate_messages_lisp
[  0%] Built target actionlib_msgs_generate_messages_lisp
[  0%] Built target std_msgs_generate_messages_lisp
[  0%] Built target std_msgs_generate_messages_eus
[  0%] Built target geometry_msgs_generate_messages_eus
[  0%] Built target actionlib_msgs_generate_messages_eus
[  0%] Built target geometry_msgs_generate_messages_cpp
[  0%] Built target actionlib_msgs_generate_messages_cpp
[  0%] Built target std_msgs_generate_messages_cpp
[  0%] Built target actionlib_msgs_generate_messages_nodejs
[  0%] Built target geometry_msgs_generate_messages_nodejs
[  0%] Built target std_msgs_generate_messages_nodejs
[ 21%] Built target action_demo_generate_messages_py
[ 40%] Built target action_demo_generate_messages_lisp
[ 62%] Built target action_demo_generate_messages_eus
[ 81%] Built target action_demo_generate_messages_cpp
[100%] Built target action_demo_generate_messages_nodejs
[100%] Built target action_demo_generate_messages
